<?xml version="1.0" encoding="UTF-8"?>
<testsuite name="io.pivotal.gemfire.toolsmiths.hydradb.HostTest" tests="3" skipped="0" failures="0" errors="0" timestamp="2017-11-22T17:40:44" hostname="callisto" time="3.664">
  <properties/>
  <testcase name="canFetchHost1" classname="io.pivotal.gemfire.toolsmiths.hydradb.HostTest" time="1.39"/>
  <testcase name="canFetchHost3" classname="io.pivotal.gemfire.toolsmiths.hydradb.HostTest" time="0.152"/>
  <testcase name="canCreateHost" classname="io.pivotal.gemfire.toolsmiths.hydradb.HostTest" time="0.196"/>
  <system-out><![CDATA[09:40:39.870 [Test worker] DEBUG org.springframework.test.context.junit4.SpringJUnit4ClassRunner - SpringJUnit4ClassRunner constructor called with [class io.pivotal.gemfire.toolsmiths.hydradb.HostTest]
09:40:39.874 [Test worker] DEBUG org.springframework.test.context.BootstrapUtils - Instantiating CacheAwareContextLoaderDelegate from class [org.springframework.test.context.cache.DefaultCacheAwareContextLoaderDelegate]
09:40:39.879 [Test worker] DEBUG org.springframework.test.context.BootstrapUtils - Instantiating BootstrapContext using constructor [public org.springframework.test.context.support.DefaultBootstrapContext(java.lang.Class,org.springframework.test.context.CacheAwareContextLoaderDelegate)]
09:40:39.890 [Test worker] DEBUG org.springframework.test.context.BootstrapUtils - Instantiating TestContextBootstrapper for test class [io.pivotal.gemfire.toolsmiths.hydradb.HostTest] from class [org.springframework.boot.test.context.SpringBootTestContextBootstrapper]
09:40:39.899 [Test worker] INFO org.springframework.boot.test.context.SpringBootTestContextBootstrapper - Neither @ContextConfiguration nor @ContextHierarchy found for test class [io.pivotal.gemfire.toolsmiths.hydradb.HostTest], using SpringBootContextLoader
09:40:39.901 [Test worker] DEBUG org.springframework.test.context.support.AbstractContextLoader - Did not detect default resource location for test class [io.pivotal.gemfire.toolsmiths.hydradb.HostTest]: class path resource [io/pivotal/gemfire/toolsmiths/hydradb/HostTest-context.xml] does not exist
09:40:39.902 [Test worker] DEBUG org.springframework.test.context.support.AbstractContextLoader - Did not detect default resource location for test class [io.pivotal.gemfire.toolsmiths.hydradb.HostTest]: class path resource [io/pivotal/gemfire/toolsmiths/hydradb/HostTestContext.groovy] does not exist
09:40:39.902 [Test worker] INFO org.springframework.test.context.support.AbstractContextLoader - Could not detect default resource locations for test class [io.pivotal.gemfire.toolsmiths.hydradb.HostTest]: no resource found for suffixes {-context.xml, Context.groovy}.
09:40:39.903 [Test worker] INFO org.springframework.test.context.support.AnnotationConfigContextLoaderUtils - Could not detect default configuration classes for test class [io.pivotal.gemfire.toolsmiths.hydradb.HostTest]: HostTest does not declare any static, non-private, non-final, nested classes annotated with @Configuration.
09:40:39.933 [Test worker] DEBUG org.springframework.test.context.support.ActiveProfilesUtils - Could not find an 'annotation declaring class' for annotation type [org.springframework.test.context.ActiveProfiles] and class [io.pivotal.gemfire.toolsmiths.hydradb.HostTest]
09:40:39.939 [Test worker] DEBUG org.springframework.core.env.StandardEnvironment - Adding PropertySource 'systemProperties' with lowest search precedence
09:40:39.939 [Test worker] DEBUG org.springframework.core.env.StandardEnvironment - Adding PropertySource 'systemEnvironment' with lowest search precedence
09:40:39.940 [Test worker] DEBUG org.springframework.core.env.StandardEnvironment - Initialized StandardEnvironment with PropertySources [MapPropertySource@1657882659 {name='systemProperties', properties={java.runtime.name=Java(TM) SE Runtime Environment, sun.boot.library.path=/Library/Java/JavaVirtualMachines/jdk1.8.0_131.jdk/Contents/Home/jre/lib, java.vm.version=25.131-b11, gopherProxySet=false, java.vm.vendor=Oracle Corporation, java.vendor.url=http://java.oracle.com/, path.separator=:, java.vm.name=Java HotSpot(TM) 64-Bit Server VM, file.encoding.pkg=sun.io, sun.java.launcher=SUN_STANDARD, user.country=US, sun.os.patch.level=unknown, java.vm.specification.name=Java Virtual Machine Specification, user.dir=/Users/pivotal/workspace/hydradbREST, java.runtime.version=1.8.0_131-b11, java.awt.graphicsenv=sun.awt.CGraphicsEnvironment, java.endorsed.dirs=/Library/Java/JavaVirtualMachines/jdk1.8.0_131.jdk/Contents/Home/jre/lib/endorsed, os.arch=x86_64, java.io.tmpdir=/var/folders/3w/vnmh0kkx47v3kn0608_1245r0000gn/T/, line.separator=
, java.vm.specification.vendor=Oracle Corporation, user.variant=, os.name=Mac OS X, sun.jnu.encoding=UTF-8, java.library.path=/Users/pivotal/Library/Java/Extensions:/Library/Java/Extensions:/Network/Library/Java/Extensions:/System/Library/Java/Extensions:/usr/lib/java:., java.specification.name=Java Platform API Specification, java.class.version=52.0, sun.management.compiler=HotSpot 64-Bit Tiered Compilers, os.version=10.12.6, http.nonProxyHosts=local|*.local|169.254/16|*.169.254/16, user.home=/Users/pivotal, user.timezone=America/Los_Angeles, java.awt.printerjob=sun.lwawt.macosx.CPrinterJob, file.encoding=UTF-8, java.specification.version=1.8, java.class.path=/Users/pivotal/workspace/hydradbREST/build/classes/test:/Users/pivotal/workspace/hydradbREST/build/resources/test:/Users/pivotal/workspace/hydradbREST/build/classes/main:/Users/pivotal/workspace/hydradbREST/build/resources/main:/Users/pivotal/.gradle/caches/modules-2/files-2.1/org.apache.commons/commons-lang3/3.6/9d28a6b23650e8a7e9063c04588ace6cf7012c17/commons-lang3-3.6.jar:/Users/pivotal/.gradle/caches/modules-2/files-2.1/org.springframework.boot/spring-boot-starter-web/1.5.8.RELEASE/7e0dc79e3b47be4539ad3c033639133ae6b7a17e/spring-boot-starter-web-1.5.8.RELEASE.jar:/Users/pivotal/.gradle/caches/modules-2/files-2.1/org.springframework.boot/spring-boot-starter-tomcat/1.5.8.RELEASE/cf3b7eb7e192a60ab1dd09e4f8bce82710a5feb0/spring-boot-starter-tomcat-1.5.8.RELEASE.jar:/Users/pivotal/.gradle/caches/modules-2/files-2.1/org.springframework.boot/spring-boot-starter-data-jpa/1.5.8.RELEASE/55bb5e8aea5707f79ee9888ad75261a7b7df4654/spring-boot-starter-data-jpa-1.5.8.RELEASE.jar:/Users/pivotal/.gradle/caches/modules-2/files-2.1/org.springframework.boot/spring-boot-starter-jdbc/1.5.8.RELEASE/fc98631eba9817c920b9ac1c5845214f49637a33/spring-boot-starter-jdbc-1.5.8.RELEASE.jar:/Users/pivotal/.gradle/caches/modules-2/files-2.1/postgresql/postgresql/9.1-901-1.jdbc4/9bfabe48876ec38f6cbaa6931bad05c64a9ea942/postgresql-9.1-901-1.jdbc4.jar:/Users/pivotal/.gradle/caches/modules-2/files-2.1/io.rest-assured/json-path/3.0.5/f6b74222d61d026717ab8a9c34a95ce79884658f/json-path-3.0.5.jar:/Users/pivotal/.gradle/caches/modules-2/files-2.1/io.rest-assured/xml-path/3.0.5/2ec8254dabe769589bda9d0b0321a91fab5a23f9/xml-path-3.0.5.jar:/Users/pivotal/.gradle/caches/modules-2/files-2.1/org.springframework.boot/spring-boot-starter-test/1.5.8.RELEASE/20b767f594924b32950286f1236ab7d68ff861f9/spring-boot-starter-test-1.5.8.RELEASE.jar:/Users/pivotal/.gradle/caches/modules-2/files-2.1/com.jayway.jsonpath/json-path/2.2.0/22290d17944bd239fabf5ac69005a60a7ecbbbcb/json-path-2.2.0.jar:/Users/pivotal/.gradle/caches/modules-2/files-2.1/com.github.springtestdbunit/spring-test-dbunit/1.3.0/596cab1e9016443d9ea9ffbc0692f4106f54c37d/spring-test-dbunit-1.3.0.jar:/Users/pivotal/.gradle/caches/modules-2/files-2.1/org.assertj/assertj-core/3.4.1/536893abdf1ce11f72c1e4483a88e94d6ba80005/assertj-core-3.4.1.jar:/Users/pivotal/.gradle/caches/modules-2/files-2.1/org.mockito/mockito-core/2.0.54-beta/7e14343740c4942818cdc0632db74d703366db9d/mockito-core-2.0.54-beta.jar:/Users/pivotal/.gradle/caches/modules-2/files-2.1/io.rest-assured/rest-assured/3.0.5/e38cb80389121458bb7b3128e53d2781cbc7a5b6/rest-assured-3.0.5.jar:/Users/pivotal/.gradle/caches/modules-2/files-2.1/junit/junit/4.12/2973d150c0dc1fefe998f834810d68f278ea58ec/junit-4.12.jar:/Users/pivotal/.gradle/caches/modules-2/files-2.1/org.dbunit/dbunit/2.4.7/af6cd71bd4ffe1941ca21185a9752e8b865c2683/dbunit-2.4.7.jar:/Users/pivotal/.gradle/caches/modules-2/files-2.1/org.hsqldb/hsqldb/2.3.4/5564c057c826418f8e32de5815a14aee91781b37/hsqldb-2.3.4.jar:/Users/pivotal/.gradle/caches/modules-2/files-2.1/org.springframework.boot/spring-boot-starter/1.5.8.RELEASE/18048efe1f06569022a53cc3fb2fe9c0162935a3/spring-boot-starter-1.5.8.RELEASE.jar:/Users/pivotal/.gradle/caches/modules-2/files-2.1/org.hibernate/hibernate-validator/5.3.5.Final/622a9bcef2eed6d41b5b8e0662c36212009e375/hibernate-validator-5.3.5.Final.jar:/Users/pivotal/.gradle/caches/modules-2/files-2.1/com.fasterxml.jackson.core/jackson-databind/2.8.10/f7b83cb2bc4b88d53961e749e1ad32f49ef017b7/jackson-databind-2.8.10.jar:/Users/pivotal/.gradle/caches/modules-2/files-2.1/org.springframework/spring-web/4.3.12.RELEASE/86c29588cca74d0fc848b194cb13fcdfd12bc990/spring-web-4.3.12.RELEASE.jar:/Users/pivotal/.gradle/caches/modules-2/files-2.1/org.springframework/spring-webmvc/4.3.12.RELEASE/986e5dcd4435e780f6be64f8185eaa51523cf851/spring-webmvc-4.3.12.RELEASE.jar:/Users/pivotal/.gradle/caches/modules-2/files-2.1/org.apache.tomcat.embed/tomcat-embed-core/8.5.23/79261793a47f507890ee08f749b9d81774e4f7f0/tomcat-embed-core-8.5.23.jar:/Users/pivotal/.gradle/caches/modules-2/files-2.1/org.apache.tomcat.embed/tomcat-embed-el/8.5.23/98d979cde444dffa6d434c8377d0123b2dfa614c/tomcat-embed-el-8.5.23.jar:/Users/pivotal/.gradle/caches/modules-2/files-2.1/org.apache.tomcat.embed/tomcat-embed-websocket/8.5.23/52f07abcae10dc7e1764304b0877def175c2c833/tomcat-embed-websocket-8.5.23.jar:/Users/pivotal/.gradle/caches/modules-2/files-2.1/org.springframework.boot/spring-boot-starter-aop/1.5.8.RELEASE/9bc9a40e0718726ed48f6becc509b2d186f1ebcc/spring-boot-starter-aop-1.5.8.RELEASE.jar:/Users/pivotal/.gradle/caches/modules-2/files-2.1/org.hibernate/hibernate-core/5.0.12.Final/e58bf1c660e6706d8e2cbb53bae110f574366102/hibernate-core-5.0.12.Final.jar:/Users/pivotal/.gradle/caches/modules-2/files-2.1/org.hibernate/hibernate-entitymanager/5.0.12.Final/302a526f5058290e9cbd719a5caf9f248d344719/hibernate-entitymanager-5.0.12.Final.jar:/Users/pivotal/.gradle/caches/modules-2/files-2.1/javax.transaction/javax.transaction-api/1.2/d81aff979d603edd90dcd8db2abc1f4ce6479e3e/javax.transaction-api-1.2.jar:/Users/pivotal/.gradle/caches/modules-2/files-2.1/org.springframework.data/spring-data-jpa/1.11.8.RELEASE/d674b8407de3d2998c106557fd6a6665de2bc217/spring-data-jpa-1.11.8.RELEASE.jar:/Users/pivotal/.gradle/caches/modules-2/files-2.1/org.springframework/spring-aspects/4.3.12.RELEASE/b0002bfdd0d58f09fc178afc5f2d0553ff117840/spring-aspects-4.3.12.RELEASE.jar:/Users/pivotal/.gradle/caches/modules-2/files-2.1/org.apache.tomcat/tomcat-jdbc/8.5.23/6036400a8f2d90dd3ae3a4d09e5136c56002887b/tomcat-jdbc-8.5.23.jar:/Users/pivotal/.gradle/caches/modules-2/files-2.1/org.springframework/spring-jdbc/4.3.12.RELEASE/5c840abbdc1a1dfd0f79c4a4c25eac0c98e6af22/spring-jdbc-4.3.12.RELEASE.jar:/Users/pivotal/.gradle/caches/modules-2/files-2.1/org.codehaus.groovy/groovy-json/2.4.12/810b46f2b359b904c4c7428ad4c03c09094a01ff/groovy-json-2.4.12.jar:/Users/pivotal/.gradle/caches/modules-2/files-2.1/org.codehaus.groovy/groovy/2.4.12/a43be367110c491787219f1c128b5b5fc54f1e70/groovy-2.4.12.jar:/Users/pivotal/.gradle/caches/modules-2/files-2.1/io.rest-assured/rest-assured-common/3.0.5/af5429429daab43b34cea5fc9f25f92655b49d13/rest-assured-common-3.0.5.jar:/Users/pivotal/.gradle/caches/modules-2/files-2.1/org.codehaus.groovy/groovy-xml/2.4.12/b5c023bbbc8a4bbf9c0b38d731fe31d53f00c64a/groovy-xml-2.4.12.jar:/Users/pivotal/.gradle/caches/modules-2/files-2.1/org.ccil.cowan.tagsoup/tagsoup/1.2.1/5584627487e984c03456266d3f8802eb85a9ce97/tagsoup-1.2.1.jar:/Users/pivotal/.gradle/caches/modules-2/files-2.1/org.springframework.boot/spring-boot-test/1.5.8.RELEASE/17dedee86d1a9e9bd409d715fd90650ca1049659/spring-boot-test-1.5.8.RELEASE.jar:/Users/pivotal/.gradle/caches/modules-2/files-2.1/org.springframework.boot/spring-boot-test-autoconfigure/1.5.8.RELEASE/a8f986cc4b6ecef1417fe50c20984f12f54d15cc/spring-boot-test-autoconfigure-1.5.8.RELEASE.jar:/Users/pivotal/.gradle/caches/modules-2/files-2.1/org.hamcrest/hamcrest-core/1.3/42a25dc3219429f0e5d060061f71acb49bf010a0/hamcrest-core-1.3.jar:/Users/pivotal/.gradle/caches/modules-2/files-2.1/org.hamcrest/hamcrest-library/1.3/4785a3c21320980282f9f33d0d1264a69040538f/hamcrest-library-1.3.jar:/Users/pivotal/.gradle/caches/modules-2/files-2.1/org.skyscreamer/jsonassert/1.4.0/9cdbb373a06f6513e51e8c545ee6a5e981463edb/jsonassert-1.4.0.jar:/Users/pivotal/.gradle/caches/modules-2/files-2.1/org.springframework/spring-core/4.3.12.RELEASE/4cebc69478c6d350dbd5af28e3db7d5694f416e3/spring-core-4.3.12.RELEASE.jar:/Users/pivotal/.gradle/caches/modules-2/files-2.1/org.springframework/spring-test/4.3.12.RELEASE/825a7ac1014528db722a6cc94cceaef2410cb314/spring-test-4.3.12.RELEASE.jar:/Users/pivotal/.gradle/caches/modules-2/files-2.1/net.minidev/json-smart/2.2.1/5b9e5df7a62d1279b70dc882b041d249c4f0b002/json-smart-2.2.1.jar:/Users/pivotal/.gradle/caches/modules-2/files-2.1/org.slf4j/slf4j-api/1.7.25/da76ca59f6a57ee3102f8f9bd9cee742973efa8a/slf4j-api-1.7.25.jar:/Users/pivotal/.gradle/caches/modules-2/files-2.1/net.bytebuddy/byte-buddy/1.3.16/c78a75666223c83208db43995f6651eb5df49316/byte-buddy-1.3.16.jar:/Users/pivotal/.gradle/caches/modules-2/files-2.1/org.objenesis/objenesis/2.1/87c0ea803b69252868d09308b4618f766f135a96/objenesis-2.1.jar:/Users/pivotal/.gradle/caches/modules-2/files-2.1/org.apache.httpcomponents/httpclient/4.5.3/d1577ae15f01ef5438c5afc62162457c00a34713/httpclient-4.5.3.jar:/Users/pivotal/.gradle/caches/modules-2/files-2.1/org.apache.httpcomponents/httpmime/4.5.3/889fd6d061bb63b99dd5c6aba35a555ae863de52/httpmime-4.5.3.jar:/Users/pivotal/.gradle/caches/modules-2/files-2.1/commons-collections/commons-collections/3.2.2/8ad72fe39fa8c91eaaf12aadb21e0c3661fe26d5/commons-collections-3.2.2.jar:/Users/pivotal/.gradle/caches/modules-2/files-2.1/org.springframework.boot/spring-boot/1.5.8.RELEASE/748ebde51761e12627ad23d064024f342b18f9b4/spring-boot-1.5.8.RELEASE.jar:/Users/pivotal/.gradle/caches/modules-2/files-2.1/org.springframework.boot/spring-boot-autoconfigure/1.5.8.RELEASE/e4f2efa4c319f4e3613d94fbccfdb5ccda6873e3/spring-boot-autoconfigure-1.5.8.RELEASE.jar:/Users/pivotal/.gradle/caches/modules-2/files-2.1/org.springframework.boot/spring-boot-starter-logging/1.5.8.RELEASE/ebc00a0e46753d90431fdcc5e3d6b9fd3bf1564a/spring-boot-starter-logging-1.5.8.RELEASE.jar:/Users/pivotal/.gradle/caches/modules-2/files-2.1/org.yaml/snakeyaml/1.17/7a27ea250c5130b2922b86dea63cbb1cc10a660c/snakeyaml-1.17.jar:/Users/pivotal/.gradle/caches/modules-2/files-2.1/javax.validation/validation-api/1.1.0.Final/8613ae82954779d518631e05daa73a6a954817d5/validation-api-1.1.0.Final.jar:/Users/pivotal/.gradle/caches/modules-2/files-2.1/org.jboss.logging/jboss-logging/3.3.1.Final/c46217ab74b532568c0ed31dc599db3048bd1b67/jboss-logging-3.3.1.Final.jar:/Users/pivotal/.gradle/caches/modules-2/files-2.1/com.fasterxml/classmate/1.3.4/3d5f48f10bbe4eb7bd862f10c0583be2e0053c6/classmate-1.3.4.jar:/Users/pivotal/.gradle/caches/modules-2/files-2.1/com.fasterxml.jackson.core/jackson-annotations/2.8.0/45b426f7796b741035581a176744d91090e2e6fb/jackson-annotations-2.8.0.jar:/Users/pivotal/.gradle/caches/modules-2/files-2.1/com.fasterxml.jackson.core/jackson-core/2.8.10/eb21a035c66ad307e66ec8fce37f5d50fd62d039/jackson-core-2.8.10.jar:/Users/pivotal/.gradle/caches/modules-2/files-2.1/org.springframework/spring-aop/4.3.12.RELEASE/b3fef085902993c2ef874c45c7bfd79296d5a5a4/spring-aop-4.3.12.RELEASE.jar:/Users/pivotal/.gradle/caches/modules-2/files-2.1/org.springframework/spring-beans/4.3.12.RELEASE/547dd432d47d0f01d9ccbedc4b705f9f7c1240a/spring-beans-4.3.12.RELEASE.jar:/Users/pivotal/.gradle/caches/modules-2/files-2.1/org.springframework/spring-context/4.3.12.RELEASE/5e6d26f36636f36b7efec1d6a0c5991284fbd95b/spring-context-4.3.12.RELEASE.jar:/Users/pivotal/.gradle/caches/modules-2/files-2.1/org.springframework/spring-expression/4.3.12.RELEASE/790f69f6ad7f9da8d4a92c603ad7244c398c8309/spring-expression-4.3.12.RELEASE.jar:/Users/pivotal/.gradle/caches/modules-2/files-2.1/org.apache.tomcat/tomcat-annotations-api/8.5.23/aaf17df9fe0240e9e9d5375d24d5f177174b73d9/tomcat-annotations-api-8.5.23.jar:/Users/pivotal/.gradle/caches/modules-2/files-2.1/org.aspectj/aspectjweaver/1.8.11/9807e0e13c8a295f15882721db50fa3d142c44a9/aspectjweaver-1.8.11.jar:/Users/pivotal/.gradle/caches/modules-2/files-2.1/org.hibernate.javax.persistence/hibernate-jpa-2.1-api/1.0.0.Final/5e731d961297e5a07290bfaf3db1fbc8bbbf405a/hibernate-jpa-2.1-api-1.0.0.Final.jar:/Users/pivotal/.gradle/caches/modules-2/files-2.1/org.javassist/javassist/3.21.0-GA/598244f595db5c5fb713731eddbb1c91a58d959b/javassist-3.21.0-GA.jar:/Users/pivotal/.gradle/caches/modules-2/files-2.1/antlr/antlr/2.7.7/83cd2cd674a217ade95a4bb83a8a14f351f48bd0/antlr-2.7.7.jar:/Users/pivotal/.gradle/caches/modules-2/files-2.1/org.jboss/jandex/2.0.0.Final/3e899258936f94649c777193e1be846387ed54b3/jandex-2.0.0.Final.jar:/Users/pivotal/.gradle/caches/modules-2/files-2.1/dom4j/dom4j/1.6.1/5d3ccc056b6f056dbf0dddfdf43894b9065a8f94/dom4j-1.6.1.jar:/Users/pivotal/.gradle/caches/modules-2/files-2.1/org.hibernate.common/hibernate-commons-annotations/5.0.1.Final/71e1cff3fcb20d3b3af4f3363c3ddb24d33c6879/hibernate-commons-annotations-5.0.1.Final.jar:/Users/pivotal/.gradle/caches/modules-2/files-2.1/org.springframework.data/spring-data-commons/1.13.8.RELEASE/2853e3c38e02d42529f6c8b247d7bace40c25642/spring-data-commons-1.13.8.RELEASE.jar:/Users/pivotal/.gradle/caches/modules-2/files-2.1/org.springframework/spring-orm/4.3.12.RELEASE/47bbe35a92944aeedf06a388098581272f8db9bd/spring-orm-4.3.12.RELEASE.jar:/Users/pivotal/.gradle/caches/modules-2/files-2.1/org.springframework/spring-tx/4.3.12.RELEASE/7147b6839b2bf9db3621b79c73b4dddbe69572b6/spring-tx-4.3.12.RELEASE.jar:/Users/pivotal/.gradle/caches/modules-2/files-2.1/org.slf4j/jcl-over-slf4j/1.7.25/f8c32b13ff142a513eeb5b6330b1588dcb2c0461/jcl-over-slf4j-1.7.25.jar:/Users/pivotal/.gradle/caches/modules-2/files-2.1/org.apache.tomcat/tomcat-juli/8.5.23/98e7f0610b7b2fb8303f11be0210e3f5a56a7d55/tomcat-juli-8.5.23.jar:/Users/pivotal/.gradle/caches/modules-2/files-2.1/com.vaadin.external.google/android-json/0.0.20131108.vaadin1/fa26d351fe62a6a17f5cda1287c1c6110dec413f/android-json-0.0.20131108.vaadin1.jar:/Users/pivotal/.gradle/caches/modules-2/files-2.1/net.minidev/accessors-smart/1.1/a527213f2fea112a04c9bdf0ec0264e34104cd08/accessors-smart-1.1.jar:/Users/pivotal/.gradle/caches/modules-2/files-2.1/org.apache.httpcomponents/httpcore/4.4.8/70539e2a07865bab38b4153da1ce599cf081790a/httpcore-4.4.8.jar:/Users/pivotal/.gradle/caches/modules-2/files-2.1/commons-codec/commons-codec/1.10/4b95f4897fa13f2cd904aee711aeafc0c5295cd8/commons-codec-1.10.jar:/Users/pivotal/.gradle/caches/modules-2/files-2.1/ch.qos.logback/logback-classic/1.1.11/ccedfbacef4a6515d2983e3f89ed753d5d4fb665/logback-classic-1.1.11.jar:/Users/pivotal/.gradle/caches/modules-2/files-2.1/org.slf4j/jul-to-slf4j/1.7.25/af5364cd6679bfffb114f0dec8a157aaa283b76/jul-to-slf4j-1.7.25.jar:/Users/pivotal/.gradle/caches/modules-2/files-2.1/org.slf4j/log4j-over-slf4j/1.7.25/a87bb47468f47ee7aabbd54f93e133d4215769c3/log4j-over-slf4j-1.7.25.jar:/Users/pivotal/.gradle/caches/modules-2/files-2.1/org.ow2.asm/asm/5.0.3/dcc2193db20e19e1feca8b1240dbbc4e190824fa/asm-5.0.3.jar:/Users/pivotal/.gradle/caches/modules-2/files-2.1/ch.qos.logback/logback-core/1.1.11/88b8df40340eed549fb07e2613879bf6b006704d/logback-core-1.1.11.jar, user.name=pivotal, java.vm.specification.version=1.8, sun.java.command=jarjar.org.gradle.process.internal.launcher.GradleWorkerMain 'Gradle Test Executor 1', java.home=/Library/Java/JavaVirtualMachines/jdk1.8.0_131.jdk/Contents/Home/jre, sun.arch.data.model=64, user.language=en, java.specification.vendor=Oracle Corporation, awt.toolkit=sun.lwawt.macosx.LWCToolkit, java.vm.info=mixed mode, java.version=1.8.0_131, java.ext.dirs=/Users/pivotal/Library/Java/Extensions:/Library/Java/JavaVirtualMachines/jdk1.8.0_131.jdk/Contents/Home/jre/lib/ext:/Library/Java/Extensions:/Network/Library/Java/Extensions:/System/Library/Java/Extensions:/usr/lib/java, sun.boot.class.path=/Library/Java/JavaVirtualMachines/jdk1.8.0_131.jdk/Contents/Home/jre/lib/resources.jar:/Library/Java/JavaVirtualMachines/jdk1.8.0_131.jdk/Contents/Home/jre/lib/rt.jar:/Library/Java/JavaVirtualMachines/jdk1.8.0_131.jdk/Contents/Home/jre/lib/sunrsasign.jar:/Library/Java/JavaVirtualMachines/jdk1.8.0_131.jdk/Contents/Home/jre/lib/jsse.jar:/Library/Java/JavaVirtualMachines/jdk1.8.0_131.jdk/Contents/Home/jre/lib/jce.jar:/Library/Java/JavaVirtualMachines/jdk1.8.0_131.jdk/Contents/Home/jre/lib/charsets.jar:/Library/Java/JavaVirtualMachines/jdk1.8.0_131.jdk/Contents/Home/jre/lib/jfr.jar:/Library/Java/JavaVirtualMachines/jdk1.8.0_131.jdk/Contents/Home/jre/classes, java.vendor=Oracle Corporation, org.gradle.test.worker=1, file.separator=/, java.vendor.url.bug=http://bugreport.sun.com/bugreport/, sun.io.unicode.encoding=UnicodeBig, sun.cpu.endian=little, socksNonProxyHosts=local|*.local|169.254/16|*.169.254/16, ftp.nonProxyHosts=local|*.local|169.254/16|*.169.254/16, sun.cpu.isalist=}}, SystemEnvironmentPropertySource@83735739 {name='systemEnvironment', properties={PATH=/Users/pivotal/.rbenv/shims:/usr/local/bin:/usr/local/sbin:/usr/local/go/bin/:/usr/bin:/bin:/usr/sbin:/sbin:/usr/local/MacGPG2/bin:/Applications/Wireshark.app/Contents/MacOS, GIT_DUET_ROTATE_AUTHOR=1, PKG_CONFIG_PATH=/usr/local/Cellar/openssl/1.0.2l/lib/pkgconfig, HISTCONTROL=erasedups, JAVA_ARCH=x86_64, GREP_COLOR=1;33, HISTSIZE=5000, WORKON_HOME=/Users/pivotal/.virtualenvs, GIT_EDITOR=vim, TERM=xterm-256color, RBENV_SHELL=bash, BASH_IT=/Users/pivotal/.bash_it, LANG=en_US.UTF-8, VIRTUALENVWRAPPER_SCRIPT=/usr/local/bin/virtualenvwrapper.sh, BASH_IT_THEME=bobby, AUTOFEATURE=true autotest, ITERM_SESSION_ID=w1t0p0:0AEECA73-6FC9-4395-B058-914953CE064F, COLORTERM=truecolor, VIRTUALENVWRAPPER_WORKON_CD=1, APP_ICON_448=/Users/pivotal/workspace/hydradbREST/media/gradle.icns, LOGNAME=pivotal, APP_NAME_448=Gradle, TERM_PROGRAM_VERSION=3.1.3, PWD=/Users/pivotal/workspace/hydradbREST, XPC_SERVICE_NAME=0, JAVA_MAIN_CLASS_456=jarjar.org.gradle.process.internal.launcher.GradleWorkerMain, SHELL=/bin/bash, TERM_PROGRAM=iTerm.app, LSCOLORS=Gxfxcxdxdxegedabagacad, OLDPWD=/Users/pivotal/workspace/hydradbREST, USER=pivotal, VIRTUALENVWRAPPER_HOOK_DIR=/Users/pivotal/.virtualenvs, TMPDIR=/var/folders/3w/vnmh0kkx47v3kn0608_1245r0000gn/T/, ITERM_PROFILE=Default, SSH_AUTH_SOCK=/private/tmp/com.apple.launchd.qLGxjW3Ktn/Listeners, EDITOR=vim, JAVA_MAIN_CLASS_448=org.gradle.wrapper.GradleWrapperMain, XPC_FLAGS=0x0, VIRTUALENVWRAPPER_PROJECT_FILENAME=.project, TERM_SESSION_ID=w1t0p0:0AEECA73-6FC9-4395-B058-914953CE064F, __CF_USER_TEXT_ENCODING=0x1F5:0x0:0x0, Apple_PubSub_Socket_Render=/private/tmp/com.apple.launchd.AT4uMcFT23/Render, com.apple.java.jvmTask=CommandLine, COLORFGBG=12;8, HOME=/Users/pivotal, SHLVL=1}}]
09:40:39.949 [Test worker] DEBUG org.springframework.core.io.support.PathMatchingResourcePatternResolver - Resolved classpath location [io/pivotal/gemfire/toolsmiths/hydradb/] to resources [URL [file:/Users/pivotal/workspace/hydradbREST/build/classes/test/io/pivotal/gemfire/toolsmiths/hydradb/], URL [file:/Users/pivotal/workspace/hydradbREST/build/classes/main/io/pivotal/gemfire/toolsmiths/hydradb/]]
09:40:39.949 [Test worker] DEBUG org.springframework.core.io.support.PathMatchingResourcePatternResolver - Looking for matching resources in directory tree [/Users/pivotal/workspace/hydradbREST/build/classes/test/io/pivotal/gemfire/toolsmiths/hydradb]
09:40:39.949 [Test worker] DEBUG org.springframework.core.io.support.PathMatchingResourcePatternResolver - Searching directory [/Users/pivotal/workspace/hydradbREST/build/classes/test/io/pivotal/gemfire/toolsmiths/hydradb] for files matching pattern [/Users/pivotal/workspace/hydradbREST/build/classes/test/io/pivotal/gemfire/toolsmiths/hydradb/*.class]
09:40:39.951 [Test worker] DEBUG org.springframework.core.io.support.PathMatchingResourcePatternResolver - Looking for matching resources in directory tree [/Users/pivotal/workspace/hydradbREST/build/classes/main/io/pivotal/gemfire/toolsmiths/hydradb]
09:40:39.952 [Test worker] DEBUG org.springframework.core.io.support.PathMatchingResourcePatternResolver - Searching directory [/Users/pivotal/workspace/hydradbREST/build/classes/main/io/pivotal/gemfire/toolsmiths/hydradb] for files matching pattern [/Users/pivotal/workspace/hydradbREST/build/classes/main/io/pivotal/gemfire/toolsmiths/hydradb/*.class]
09:40:39.954 [Test worker] DEBUG org.springframework.core.io.support.PathMatchingResourcePatternResolver - Resolved location pattern [classpath*:io/pivotal/gemfire/toolsmiths/hydradb/*.class] to resources [file [/Users/pivotal/workspace/hydradbREST/build/classes/test/io/pivotal/gemfire/toolsmiths/hydradb/HostTest.class], file [/Users/pivotal/workspace/hydradbREST/build/classes/test/io/pivotal/gemfire/toolsmiths/hydradb/HydraRunTest.class], file [/Users/pivotal/workspace/hydradbREST/build/classes/main/io/pivotal/gemfire/toolsmiths/hydradb/HostEndpoint.class], file [/Users/pivotal/workspace/hydradbREST/build/classes/main/io/pivotal/gemfire/toolsmiths/hydradb/HydraConfig.class], file [/Users/pivotal/workspace/hydradbREST/build/classes/main/io/pivotal/gemfire/toolsmiths/hydradb/HydraDBService.class], file [/Users/pivotal/workspace/hydradbREST/build/classes/main/io/pivotal/gemfire/toolsmiths/hydradb/HydraDBServiceClient.class], file [/Users/pivotal/workspace/hydradbREST/build/classes/main/io/pivotal/gemfire/toolsmiths/hydradb/HydraDBServiceEndpoint.class], file [/Users/pivotal/workspace/hydradbREST/build/classes/main/io/pivotal/gemfire/toolsmiths/hydradb/HydraHistory$1.class], file [/Users/pivotal/workspace/hydradbREST/build/classes/main/io/pivotal/gemfire/toolsmiths/hydradb/HydraHistory.class], file [/Users/pivotal/workspace/hydradbREST/build/classes/main/io/pivotal/gemfire/toolsmiths/hydradb/HydraRunSearch.class], file [/Users/pivotal/workspace/hydradbREST/build/classes/main/io/pivotal/gemfire/toolsmiths/hydradb/IdAndName.class], file [/Users/pivotal/workspace/hydradbREST/build/classes/main/io/pivotal/gemfire/toolsmiths/hydradb/IdAndNameObject.class], file [/Users/pivotal/workspace/hydradbREST/build/classes/main/io/pivotal/gemfire/toolsmiths/hydradb/Main.class], file [/Users/pivotal/workspace/hydradbREST/build/classes/main/io/pivotal/gemfire/toolsmiths/hydradb/TestDetail.class], file [/Users/pivotal/workspace/hydradbREST/build/classes/main/io/pivotal/gemfire/toolsmiths/hydradb/TestDetailState$1.class], file [/Users/pivotal/workspace/hydradbREST/build/classes/main/io/pivotal/gemfire/toolsmiths/hydradb/TestDetailState.class], file [/Users/pivotal/workspace/hydradbREST/build/classes/main/io/pivotal/gemfire/toolsmiths/hydradb/TestInfo.class], file [/Users/pivotal/workspace/hydradbREST/build/classes/main/io/pivotal/gemfire/toolsmiths/hydradb/TestSuiteInfo.class], file [/Users/pivotal/workspace/hydradbREST/build/classes/main/io/pivotal/gemfire/toolsmiths/hydradb/TracConfig.class]]
09:40:40.011 [Test worker] DEBUG org.springframework.context.annotation.ClassPathScanningCandidateComponentProvider - Identified candidate component class: file [/Users/pivotal/workspace/hydradbREST/build/classes/main/io/pivotal/gemfire/toolsmiths/hydradb/Main.class]
09:40:40.013 [Test worker] INFO org.springframework.boot.test.context.SpringBootTestContextBootstrapper - Found @SpringBootConfiguration io.pivotal.gemfire.toolsmiths.hydradb.Main for test class io.pivotal.gemfire.toolsmiths.hydradb.HostTest
09:40:40.025 [Test worker] INFO org.springframework.boot.test.context.SpringBootTestContextBootstrapper - Using TestExecutionListeners: [org.springframework.test.context.support.DependencyInjectionTestExecutionListener@7c2964df, org.springframework.test.context.support.DirtiesContextTestExecutionListener@65afb250, com.github.springtestdbunit.DbUnitTestExecutionListener@ec4ffc4, com.github.springtestdbunit.TransactionDbUnitTestExecutionListener@2c328f46]
09:40:40.027 [Test worker] DEBUG org.springframework.test.annotation.ProfileValueUtils - Retrieved @ProfileValueSourceConfiguration [null] for test class [io.pivotal.gemfire.toolsmiths.hydradb.HostTest]
09:40:40.027 [Test worker] DEBUG org.springframework.test.annotation.ProfileValueUtils - Retrieved ProfileValueSource type [class org.springframework.test.annotation.SystemProfileValueSource] for class [io.pivotal.gemfire.toolsmiths.hydradb.HostTest]
09:40:40.028 [Test worker] DEBUG org.springframework.test.annotation.ProfileValueUtils - Retrieved @ProfileValueSourceConfiguration [null] for test class [io.pivotal.gemfire.toolsmiths.hydradb.HostTest]
09:40:40.028 [Test worker] DEBUG org.springframework.test.annotation.ProfileValueUtils - Retrieved ProfileValueSource type [class org.springframework.test.annotation.SystemProfileValueSource] for class [io.pivotal.gemfire.toolsmiths.hydradb.HostTest]
09:40:40.030 [Test worker] DEBUG org.springframework.test.annotation.ProfileValueUtils - Retrieved @ProfileValueSourceConfiguration [null] for test class [io.pivotal.gemfire.toolsmiths.hydradb.HostTest]
09:40:40.030 [Test worker] DEBUG org.springframework.test.annotation.ProfileValueUtils - Retrieved ProfileValueSource type [class org.springframework.test.annotation.SystemProfileValueSource] for class [io.pivotal.gemfire.toolsmiths.hydradb.HostTest]
09:40:40.032 [Test worker] DEBUG org.springframework.test.context.support.DependencyInjectionTestExecutionListener - Performing dependency injection for test context [[DefaultTestContext@51a0f6e6 testClass = HostTest, testInstance = io.pivotal.gemfire.toolsmiths.hydradb.HostTest@4b2b48cc, testMethod = [null], testException = [null], mergedContextConfiguration = [WebMergedContextConfiguration@3d09486d testClass = HostTest, locations = '{}', classes = '{class io.pivotal.gemfire.toolsmiths.hydradb.Main}', contextInitializerClasses = '[]', activeProfiles = '{}', propertySourceLocations = '{classpath:config/saj.properties}', propertySourceProperties = '{org.springframework.boot.test.context.SpringBootTestContextBootstrapper=true, server.port=0}', contextCustomizers = set[org.springframework.boot.test.context.SpringBootTestContextCustomizer@49dfee18, org.springframework.boot.test.context.filter.ExcludeFilterContextCustomizer@22899559, org.springframework.boot.test.json.DuplicateJsonObjectContextCustomizerFactory$DuplicateJsonObjectContextCustomizer@7cbfbdd5, org.springframework.boot.test.mock.mockito.MockitoContextCustomizer@0, org.springframework.boot.test.autoconfigure.properties.PropertyMappingContextCustomizer@0, org.springframework.boot.test.autoconfigure.web.servlet.WebDriverContextCustomizerFactory$Customizer@1e76e322], resourceBasePath = 'src/main/webapp', contextLoader = 'org.springframework.boot.test.context.SpringBootContextLoader', parent = [null]]]].
09:40:40.077 [Test worker] DEBUG org.springframework.core.env.StandardEnvironment - Adding PropertySource 'systemProperties' with lowest search precedence
09:40:40.077 [Test worker] DEBUG org.springframework.core.env.StandardEnvironment - Adding PropertySource 'systemEnvironment' with lowest search precedence
09:40:40.078 [Test worker] DEBUG org.springframework.core.env.StandardEnvironment - Initialized StandardEnvironment with PropertySources [MapPropertySource@99167904 {name='systemProperties', properties={java.runtime.name=Java(TM) SE Runtime Environment, sun.boot.library.path=/Library/Java/JavaVirtualMachines/jdk1.8.0_131.jdk/Contents/Home/jre/lib, java.vm.version=25.131-b11, gopherProxySet=false, java.vm.vendor=Oracle Corporation, java.vendor.url=http://java.oracle.com/, path.separator=:, java.vm.name=Java HotSpot(TM) 64-Bit Server VM, file.encoding.pkg=sun.io, sun.java.launcher=SUN_STANDARD, user.country=US, sun.os.patch.level=unknown, java.vm.specification.name=Java Virtual Machine Specification, user.dir=/Users/pivotal/workspace/hydradbREST, java.runtime.version=1.8.0_131-b11, java.awt.graphicsenv=sun.awt.CGraphicsEnvironment, java.endorsed.dirs=/Library/Java/JavaVirtualMachines/jdk1.8.0_131.jdk/Contents/Home/jre/lib/endorsed, os.arch=x86_64, java.io.tmpdir=/var/folders/3w/vnmh0kkx47v3kn0608_1245r0000gn/T/, line.separator=
, java.vm.specification.vendor=Oracle Corporation, user.variant=, os.name=Mac OS X, sun.jnu.encoding=UTF-8, java.library.path=/Users/pivotal/Library/Java/Extensions:/Library/Java/Extensions:/Network/Library/Java/Extensions:/System/Library/Java/Extensions:/usr/lib/java:., java.specification.name=Java Platform API Specification, java.class.version=52.0, sun.management.compiler=HotSpot 64-Bit Tiered Compilers, os.version=10.12.6, http.nonProxyHosts=local|*.local|169.254/16|*.169.254/16, user.home=/Users/pivotal, user.timezone=America/Los_Angeles, java.awt.printerjob=sun.lwawt.macosx.CPrinterJob, file.encoding=UTF-8, java.specification.version=1.8, java.class.path=/Users/pivotal/workspace/hydradbREST/build/classes/test:/Users/pivotal/workspace/hydradbREST/build/resources/test:/Users/pivotal/workspace/hydradbREST/build/classes/main:/Users/pivotal/workspace/hydradbREST/build/resources/main:/Users/pivotal/.gradle/caches/modules-2/files-2.1/org.apache.commons/commons-lang3/3.6/9d28a6b23650e8a7e9063c04588ace6cf7012c17/commons-lang3-3.6.jar:/Users/pivotal/.gradle/caches/modules-2/files-2.1/org.springframework.boot/spring-boot-starter-web/1.5.8.RELEASE/7e0dc79e3b47be4539ad3c033639133ae6b7a17e/spring-boot-starter-web-1.5.8.RELEASE.jar:/Users/pivotal/.gradle/caches/modules-2/files-2.1/org.springframework.boot/spring-boot-starter-tomcat/1.5.8.RELEASE/cf3b7eb7e192a60ab1dd09e4f8bce82710a5feb0/spring-boot-starter-tomcat-1.5.8.RELEASE.jar:/Users/pivotal/.gradle/caches/modules-2/files-2.1/org.springframework.boot/spring-boot-starter-data-jpa/1.5.8.RELEASE/55bb5e8aea5707f79ee9888ad75261a7b7df4654/spring-boot-starter-data-jpa-1.5.8.RELEASE.jar:/Users/pivotal/.gradle/caches/modules-2/files-2.1/org.springframework.boot/spring-boot-starter-jdbc/1.5.8.RELEASE/fc98631eba9817c920b9ac1c5845214f49637a33/spring-boot-starter-jdbc-1.5.8.RELEASE.jar:/Users/pivotal/.gradle/caches/modules-2/files-2.1/postgresql/postgresql/9.1-901-1.jdbc4/9bfabe48876ec38f6cbaa6931bad05c64a9ea942/postgresql-9.1-901-1.jdbc4.jar:/Users/pivotal/.gradle/caches/modules-2/files-2.1/io.rest-assured/json-path/3.0.5/f6b74222d61d026717ab8a9c34a95ce79884658f/json-path-3.0.5.jar:/Users/pivotal/.gradle/caches/modules-2/files-2.1/io.rest-assured/xml-path/3.0.5/2ec8254dabe769589bda9d0b0321a91fab5a23f9/xml-path-3.0.5.jar:/Users/pivotal/.gradle/caches/modules-2/files-2.1/org.springframework.boot/spring-boot-starter-test/1.5.8.RELEASE/20b767f594924b32950286f1236ab7d68ff861f9/spring-boot-starter-test-1.5.8.RELEASE.jar:/Users/pivotal/.gradle/caches/modules-2/files-2.1/com.jayway.jsonpath/json-path/2.2.0/22290d17944bd239fabf5ac69005a60a7ecbbbcb/json-path-2.2.0.jar:/Users/pivotal/.gradle/caches/modules-2/files-2.1/com.github.springtestdbunit/spring-test-dbunit/1.3.0/596cab1e9016443d9ea9ffbc0692f4106f54c37d/spring-test-dbunit-1.3.0.jar:/Users/pivotal/.gradle/caches/modules-2/files-2.1/org.assertj/assertj-core/3.4.1/536893abdf1ce11f72c1e4483a88e94d6ba80005/assertj-core-3.4.1.jar:/Users/pivotal/.gradle/caches/modules-2/files-2.1/org.mockito/mockito-core/2.0.54-beta/7e14343740c4942818cdc0632db74d703366db9d/mockito-core-2.0.54-beta.jar:/Users/pivotal/.gradle/caches/modules-2/files-2.1/io.rest-assured/rest-assured/3.0.5/e38cb80389121458bb7b3128e53d2781cbc7a5b6/rest-assured-3.0.5.jar:/Users/pivotal/.gradle/caches/modules-2/files-2.1/junit/junit/4.12/2973d150c0dc1fefe998f834810d68f278ea58ec/junit-4.12.jar:/Users/pivotal/.gradle/caches/modules-2/files-2.1/org.dbunit/dbunit/2.4.7/af6cd71bd4ffe1941ca21185a9752e8b865c2683/dbunit-2.4.7.jar:/Users/pivotal/.gradle/caches/modules-2/files-2.1/org.hsqldb/hsqldb/2.3.4/5564c057c826418f8e32de5815a14aee91781b37/hsqldb-2.3.4.jar:/Users/pivotal/.gradle/caches/modules-2/files-2.1/org.springframework.boot/spring-boot-starter/1.5.8.RELEASE/18048efe1f06569022a53cc3fb2fe9c0162935a3/spring-boot-starter-1.5.8.RELEASE.jar:/Users/pivotal/.gradle/caches/modules-2/files-2.1/org.hibernate/hibernate-validator/5.3.5.Final/622a9bcef2eed6d41b5b8e0662c36212009e375/hibernate-validator-5.3.5.Final.jar:/Users/pivotal/.gradle/caches/modules-2/files-2.1/com.fasterxml.jackson.core/jackson-databind/2.8.10/f7b83cb2bc4b88d53961e749e1ad32f49ef017b7/jackson-databind-2.8.10.jar:/Users/pivotal/.gradle/caches/modules-2/files-2.1/org.springframework/spring-web/4.3.12.RELEASE/86c29588cca74d0fc848b194cb13fcdfd12bc990/spring-web-4.3.12.RELEASE.jar:/Users/pivotal/.gradle/caches/modules-2/files-2.1/org.springframework/spring-webmvc/4.3.12.RELEASE/986e5dcd4435e780f6be64f8185eaa51523cf851/spring-webmvc-4.3.12.RELEASE.jar:/Users/pivotal/.gradle/caches/modules-2/files-2.1/org.apache.tomcat.embed/tomcat-embed-core/8.5.23/79261793a47f507890ee08f749b9d81774e4f7f0/tomcat-embed-core-8.5.23.jar:/Users/pivotal/.gradle/caches/modules-2/files-2.1/org.apache.tomcat.embed/tomcat-embed-el/8.5.23/98d979cde444dffa6d434c8377d0123b2dfa614c/tomcat-embed-el-8.5.23.jar:/Users/pivotal/.gradle/caches/modules-2/files-2.1/org.apache.tomcat.embed/tomcat-embed-websocket/8.5.23/52f07abcae10dc7e1764304b0877def175c2c833/tomcat-embed-websocket-8.5.23.jar:/Users/pivotal/.gradle/caches/modules-2/files-2.1/org.springframework.boot/spring-boot-starter-aop/1.5.8.RELEASE/9bc9a40e0718726ed48f6becc509b2d186f1ebcc/spring-boot-starter-aop-1.5.8.RELEASE.jar:/Users/pivotal/.gradle/caches/modules-2/files-2.1/org.hibernate/hibernate-core/5.0.12.Final/e58bf1c660e6706d8e2cbb53bae110f574366102/hibernate-core-5.0.12.Final.jar:/Users/pivotal/.gradle/caches/modules-2/files-2.1/org.hibernate/hibernate-entitymanager/5.0.12.Final/302a526f5058290e9cbd719a5caf9f248d344719/hibernate-entitymanager-5.0.12.Final.jar:/Users/pivotal/.gradle/caches/modules-2/files-2.1/javax.transaction/javax.transaction-api/1.2/d81aff979d603edd90dcd8db2abc1f4ce6479e3e/javax.transaction-api-1.2.jar:/Users/pivotal/.gradle/caches/modules-2/files-2.1/org.springframework.data/spring-data-jpa/1.11.8.RELEASE/d674b8407de3d2998c106557fd6a6665de2bc217/spring-data-jpa-1.11.8.RELEASE.jar:/Users/pivotal/.gradle/caches/modules-2/files-2.1/org.springframework/spring-aspects/4.3.12.RELEASE/b0002bfdd0d58f09fc178afc5f2d0553ff117840/spring-aspects-4.3.12.RELEASE.jar:/Users/pivotal/.gradle/caches/modules-2/files-2.1/org.apache.tomcat/tomcat-jdbc/8.5.23/6036400a8f2d90dd3ae3a4d09e5136c56002887b/tomcat-jdbc-8.5.23.jar:/Users/pivotal/.gradle/caches/modules-2/files-2.1/org.springframework/spring-jdbc/4.3.12.RELEASE/5c840abbdc1a1dfd0f79c4a4c25eac0c98e6af22/spring-jdbc-4.3.12.RELEASE.jar:/Users/pivotal/.gradle/caches/modules-2/files-2.1/org.codehaus.groovy/groovy-json/2.4.12/810b46f2b359b904c4c7428ad4c03c09094a01ff/groovy-json-2.4.12.jar:/Users/pivotal/.gradle/caches/modules-2/files-2.1/org.codehaus.groovy/groovy/2.4.12/a43be367110c491787219f1c128b5b5fc54f1e70/groovy-2.4.12.jar:/Users/pivotal/.gradle/caches/modules-2/files-2.1/io.rest-assured/rest-assured-common/3.0.5/af5429429daab43b34cea5fc9f25f92655b49d13/rest-assured-common-3.0.5.jar:/Users/pivotal/.gradle/caches/modules-2/files-2.1/org.codehaus.groovy/groovy-xml/2.4.12/b5c023bbbc8a4bbf9c0b38d731fe31d53f00c64a/groovy-xml-2.4.12.jar:/Users/pivotal/.gradle/caches/modules-2/files-2.1/org.ccil.cowan.tagsoup/tagsoup/1.2.1/5584627487e984c03456266d3f8802eb85a9ce97/tagsoup-1.2.1.jar:/Users/pivotal/.gradle/caches/modules-2/files-2.1/org.springframework.boot/spring-boot-test/1.5.8.RELEASE/17dedee86d1a9e9bd409d715fd90650ca1049659/spring-boot-test-1.5.8.RELEASE.jar:/Users/pivotal/.gradle/caches/modules-2/files-2.1/org.springframework.boot/spring-boot-test-autoconfigure/1.5.8.RELEASE/a8f986cc4b6ecef1417fe50c20984f12f54d15cc/spring-boot-test-autoconfigure-1.5.8.RELEASE.jar:/Users/pivotal/.gradle/caches/modules-2/files-2.1/org.hamcrest/hamcrest-core/1.3/42a25dc3219429f0e5d060061f71acb49bf010a0/hamcrest-core-1.3.jar:/Users/pivotal/.gradle/caches/modules-2/files-2.1/org.hamcrest/hamcrest-library/1.3/4785a3c21320980282f9f33d0d1264a69040538f/hamcrest-library-1.3.jar:/Users/pivotal/.gradle/caches/modules-2/files-2.1/org.skyscreamer/jsonassert/1.4.0/9cdbb373a06f6513e51e8c545ee6a5e981463edb/jsonassert-1.4.0.jar:/Users/pivotal/.gradle/caches/modules-2/files-2.1/org.springframework/spring-core/4.3.12.RELEASE/4cebc69478c6d350dbd5af28e3db7d5694f416e3/spring-core-4.3.12.RELEASE.jar:/Users/pivotal/.gradle/caches/modules-2/files-2.1/org.springframework/spring-test/4.3.12.RELEASE/825a7ac1014528db722a6cc94cceaef2410cb314/spring-test-4.3.12.RELEASE.jar:/Users/pivotal/.gradle/caches/modules-2/files-2.1/net.minidev/json-smart/2.2.1/5b9e5df7a62d1279b70dc882b041d249c4f0b002/json-smart-2.2.1.jar:/Users/pivotal/.gradle/caches/modules-2/files-2.1/org.slf4j/slf4j-api/1.7.25/da76ca59f6a57ee3102f8f9bd9cee742973efa8a/slf4j-api-1.7.25.jar:/Users/pivotal/.gradle/caches/modules-2/files-2.1/net.bytebuddy/byte-buddy/1.3.16/c78a75666223c83208db43995f6651eb5df49316/byte-buddy-1.3.16.jar:/Users/pivotal/.gradle/caches/modules-2/files-2.1/org.objenesis/objenesis/2.1/87c0ea803b69252868d09308b4618f766f135a96/objenesis-2.1.jar:/Users/pivotal/.gradle/caches/modules-2/files-2.1/org.apache.httpcomponents/httpclient/4.5.3/d1577ae15f01ef5438c5afc62162457c00a34713/httpclient-4.5.3.jar:/Users/pivotal/.gradle/caches/modules-2/files-2.1/org.apache.httpcomponents/httpmime/4.5.3/889fd6d061bb63b99dd5c6aba35a555ae863de52/httpmime-4.5.3.jar:/Users/pivotal/.gradle/caches/modules-2/files-2.1/commons-collections/commons-collections/3.2.2/8ad72fe39fa8c91eaaf12aadb21e0c3661fe26d5/commons-collections-3.2.2.jar:/Users/pivotal/.gradle/caches/modules-2/files-2.1/org.springframework.boot/spring-boot/1.5.8.RELEASE/748ebde51761e12627ad23d064024f342b18f9b4/spring-boot-1.5.8.RELEASE.jar:/Users/pivotal/.gradle/caches/modules-2/files-2.1/org.springframework.boot/spring-boot-autoconfigure/1.5.8.RELEASE/e4f2efa4c319f4e3613d94fbccfdb5ccda6873e3/spring-boot-autoconfigure-1.5.8.RELEASE.jar:/Users/pivotal/.gradle/caches/modules-2/files-2.1/org.springframework.boot/spring-boot-starter-logging/1.5.8.RELEASE/ebc00a0e46753d90431fdcc5e3d6b9fd3bf1564a/spring-boot-starter-logging-1.5.8.RELEASE.jar:/Users/pivotal/.gradle/caches/modules-2/files-2.1/org.yaml/snakeyaml/1.17/7a27ea250c5130b2922b86dea63cbb1cc10a660c/snakeyaml-1.17.jar:/Users/pivotal/.gradle/caches/modules-2/files-2.1/javax.validation/validation-api/1.1.0.Final/8613ae82954779d518631e05daa73a6a954817d5/validation-api-1.1.0.Final.jar:/Users/pivotal/.gradle/caches/modules-2/files-2.1/org.jboss.logging/jboss-logging/3.3.1.Final/c46217ab74b532568c0ed31dc599db3048bd1b67/jboss-logging-3.3.1.Final.jar:/Users/pivotal/.gradle/caches/modules-2/files-2.1/com.fasterxml/classmate/1.3.4/3d5f48f10bbe4eb7bd862f10c0583be2e0053c6/classmate-1.3.4.jar:/Users/pivotal/.gradle/caches/modules-2/files-2.1/com.fasterxml.jackson.core/jackson-annotations/2.8.0/45b426f7796b741035581a176744d91090e2e6fb/jackson-annotations-2.8.0.jar:/Users/pivotal/.gradle/caches/modules-2/files-2.1/com.fasterxml.jackson.core/jackson-core/2.8.10/eb21a035c66ad307e66ec8fce37f5d50fd62d039/jackson-core-2.8.10.jar:/Users/pivotal/.gradle/caches/modules-2/files-2.1/org.springframework/spring-aop/4.3.12.RELEASE/b3fef085902993c2ef874c45c7bfd79296d5a5a4/spring-aop-4.3.12.RELEASE.jar:/Users/pivotal/.gradle/caches/modules-2/files-2.1/org.springframework/spring-beans/4.3.12.RELEASE/547dd432d47d0f01d9ccbedc4b705f9f7c1240a/spring-beans-4.3.12.RELEASE.jar:/Users/pivotal/.gradle/caches/modules-2/files-2.1/org.springframework/spring-context/4.3.12.RELEASE/5e6d26f36636f36b7efec1d6a0c5991284fbd95b/spring-context-4.3.12.RELEASE.jar:/Users/pivotal/.gradle/caches/modules-2/files-2.1/org.springframework/spring-expression/4.3.12.RELEASE/790f69f6ad7f9da8d4a92c603ad7244c398c8309/spring-expression-4.3.12.RELEASE.jar:/Users/pivotal/.gradle/caches/modules-2/files-2.1/org.apache.tomcat/tomcat-annotations-api/8.5.23/aaf17df9fe0240e9e9d5375d24d5f177174b73d9/tomcat-annotations-api-8.5.23.jar:/Users/pivotal/.gradle/caches/modules-2/files-2.1/org.aspectj/aspectjweaver/1.8.11/9807e0e13c8a295f15882721db50fa3d142c44a9/aspectjweaver-1.8.11.jar:/Users/pivotal/.gradle/caches/modules-2/files-2.1/org.hibernate.javax.persistence/hibernate-jpa-2.1-api/1.0.0.Final/5e731d961297e5a07290bfaf3db1fbc8bbbf405a/hibernate-jpa-2.1-api-1.0.0.Final.jar:/Users/pivotal/.gradle/caches/modules-2/files-2.1/org.javassist/javassist/3.21.0-GA/598244f595db5c5fb713731eddbb1c91a58d959b/javassist-3.21.0-GA.jar:/Users/pivotal/.gradle/caches/modules-2/files-2.1/antlr/antlr/2.7.7/83cd2cd674a217ade95a4bb83a8a14f351f48bd0/antlr-2.7.7.jar:/Users/pivotal/.gradle/caches/modules-2/files-2.1/org.jboss/jandex/2.0.0.Final/3e899258936f94649c777193e1be846387ed54b3/jandex-2.0.0.Final.jar:/Users/pivotal/.gradle/caches/modules-2/files-2.1/dom4j/dom4j/1.6.1/5d3ccc056b6f056dbf0dddfdf43894b9065a8f94/dom4j-1.6.1.jar:/Users/pivotal/.gradle/caches/modules-2/files-2.1/org.hibernate.common/hibernate-commons-annotations/5.0.1.Final/71e1cff3fcb20d3b3af4f3363c3ddb24d33c6879/hibernate-commons-annotations-5.0.1.Final.jar:/Users/pivotal/.gradle/caches/modules-2/files-2.1/org.springframework.data/spring-data-commons/1.13.8.RELEASE/2853e3c38e02d42529f6c8b247d7bace40c25642/spring-data-commons-1.13.8.RELEASE.jar:/Users/pivotal/.gradle/caches/modules-2/files-2.1/org.springframework/spring-orm/4.3.12.RELEASE/47bbe35a92944aeedf06a388098581272f8db9bd/spring-orm-4.3.12.RELEASE.jar:/Users/pivotal/.gradle/caches/modules-2/files-2.1/org.springframework/spring-tx/4.3.12.RELEASE/7147b6839b2bf9db3621b79c73b4dddbe69572b6/spring-tx-4.3.12.RELEASE.jar:/Users/pivotal/.gradle/caches/modules-2/files-2.1/org.slf4j/jcl-over-slf4j/1.7.25/f8c32b13ff142a513eeb5b6330b1588dcb2c0461/jcl-over-slf4j-1.7.25.jar:/Users/pivotal/.gradle/caches/modules-2/files-2.1/org.apache.tomcat/tomcat-juli/8.5.23/98e7f0610b7b2fb8303f11be0210e3f5a56a7d55/tomcat-juli-8.5.23.jar:/Users/pivotal/.gradle/caches/modules-2/files-2.1/com.vaadin.external.google/android-json/0.0.20131108.vaadin1/fa26d351fe62a6a17f5cda1287c1c6110dec413f/android-json-0.0.20131108.vaadin1.jar:/Users/pivotal/.gradle/caches/modules-2/files-2.1/net.minidev/accessors-smart/1.1/a527213f2fea112a04c9bdf0ec0264e34104cd08/accessors-smart-1.1.jar:/Users/pivotal/.gradle/caches/modules-2/files-2.1/org.apache.httpcomponents/httpcore/4.4.8/70539e2a07865bab38b4153da1ce599cf081790a/httpcore-4.4.8.jar:/Users/pivotal/.gradle/caches/modules-2/files-2.1/commons-codec/commons-codec/1.10/4b95f4897fa13f2cd904aee711aeafc0c5295cd8/commons-codec-1.10.jar:/Users/pivotal/.gradle/caches/modules-2/files-2.1/ch.qos.logback/logback-classic/1.1.11/ccedfbacef4a6515d2983e3f89ed753d5d4fb665/logback-classic-1.1.11.jar:/Users/pivotal/.gradle/caches/modules-2/files-2.1/org.slf4j/jul-to-slf4j/1.7.25/af5364cd6679bfffb114f0dec8a157aaa283b76/jul-to-slf4j-1.7.25.jar:/Users/pivotal/.gradle/caches/modules-2/files-2.1/org.slf4j/log4j-over-slf4j/1.7.25/a87bb47468f47ee7aabbd54f93e133d4215769c3/log4j-over-slf4j-1.7.25.jar:/Users/pivotal/.gradle/caches/modules-2/files-2.1/org.ow2.asm/asm/5.0.3/dcc2193db20e19e1feca8b1240dbbc4e190824fa/asm-5.0.3.jar:/Users/pivotal/.gradle/caches/modules-2/files-2.1/ch.qos.logback/logback-core/1.1.11/88b8df40340eed549fb07e2613879bf6b006704d/logback-core-1.1.11.jar, user.name=pivotal, java.vm.specification.version=1.8, sun.java.command=jarjar.org.gradle.process.internal.launcher.GradleWorkerMain 'Gradle Test Executor 1', java.home=/Library/Java/JavaVirtualMachines/jdk1.8.0_131.jdk/Contents/Home/jre, sun.arch.data.model=64, user.language=en, java.specification.vendor=Oracle Corporation, awt.toolkit=sun.lwawt.macosx.LWCToolkit, java.vm.info=mixed mode, java.version=1.8.0_131, java.ext.dirs=/Users/pivotal/Library/Java/Extensions:/Library/Java/JavaVirtualMachines/jdk1.8.0_131.jdk/Contents/Home/jre/lib/ext:/Library/Java/Extensions:/Network/Library/Java/Extensions:/System/Library/Java/Extensions:/usr/lib/java, sun.boot.class.path=/Library/Java/JavaVirtualMachines/jdk1.8.0_131.jdk/Contents/Home/jre/lib/resources.jar:/Library/Java/JavaVirtualMachines/jdk1.8.0_131.jdk/Contents/Home/jre/lib/rt.jar:/Library/Java/JavaVirtualMachines/jdk1.8.0_131.jdk/Contents/Home/jre/lib/sunrsasign.jar:/Library/Java/JavaVirtualMachines/jdk1.8.0_131.jdk/Contents/Home/jre/lib/jsse.jar:/Library/Java/JavaVirtualMachines/jdk1.8.0_131.jdk/Contents/Home/jre/lib/jce.jar:/Library/Java/JavaVirtualMachines/jdk1.8.0_131.jdk/Contents/Home/jre/lib/charsets.jar:/Library/Java/JavaVirtualMachines/jdk1.8.0_131.jdk/Contents/Home/jre/lib/jfr.jar:/Library/Java/JavaVirtualMachines/jdk1.8.0_131.jdk/Contents/Home/jre/classes, java.vendor=Oracle Corporation, org.gradle.test.worker=1, file.separator=/, java.vendor.url.bug=http://bugreport.sun.com/bugreport/, sun.io.unicode.encoding=UnicodeBig, sun.cpu.endian=little, socksNonProxyHosts=local|*.local|169.254/16|*.169.254/16, ftp.nonProxyHosts=local|*.local|169.254/16|*.169.254/16, sun.cpu.isalist=}}, SystemEnvironmentPropertySource@1003546406 {name='systemEnvironment', properties={PATH=/Users/pivotal/.rbenv/shims:/usr/local/bin:/usr/local/sbin:/usr/local/go/bin/:/usr/bin:/bin:/usr/sbin:/sbin:/usr/local/MacGPG2/bin:/Applications/Wireshark.app/Contents/MacOS, GIT_DUET_ROTATE_AUTHOR=1, PKG_CONFIG_PATH=/usr/local/Cellar/openssl/1.0.2l/lib/pkgconfig, HISTCONTROL=erasedups, JAVA_ARCH=x86_64, GREP_COLOR=1;33, HISTSIZE=5000, WORKON_HOME=/Users/pivotal/.virtualenvs, GIT_EDITOR=vim, TERM=xterm-256color, RBENV_SHELL=bash, BASH_IT=/Users/pivotal/.bash_it, LANG=en_US.UTF-8, VIRTUALENVWRAPPER_SCRIPT=/usr/local/bin/virtualenvwrapper.sh, BASH_IT_THEME=bobby, AUTOFEATURE=true autotest, ITERM_SESSION_ID=w1t0p0:0AEECA73-6FC9-4395-B058-914953CE064F, COLORTERM=truecolor, VIRTUALENVWRAPPER_WORKON_CD=1, APP_ICON_448=/Users/pivotal/workspace/hydradbREST/media/gradle.icns, LOGNAME=pivotal, APP_NAME_448=Gradle, TERM_PROGRAM_VERSION=3.1.3, PWD=/Users/pivotal/workspace/hydradbREST, XPC_SERVICE_NAME=0, JAVA_MAIN_CLASS_456=jarjar.org.gradle.process.internal.launcher.GradleWorkerMain, SHELL=/bin/bash, TERM_PROGRAM=iTerm.app, LSCOLORS=Gxfxcxdxdxegedabagacad, OLDPWD=/Users/pivotal/workspace/hydradbREST, USER=pivotal, VIRTUALENVWRAPPER_HOOK_DIR=/Users/pivotal/.virtualenvs, TMPDIR=/var/folders/3w/vnmh0kkx47v3kn0608_1245r0000gn/T/, ITERM_PROFILE=Default, SSH_AUTH_SOCK=/private/tmp/com.apple.launchd.qLGxjW3Ktn/Listeners, EDITOR=vim, JAVA_MAIN_CLASS_448=org.gradle.wrapper.GradleWrapperMain, XPC_FLAGS=0x0, VIRTUALENVWRAPPER_PROJECT_FILENAME=.project, TERM_SESSION_ID=w1t0p0:0AEECA73-6FC9-4395-B058-914953CE064F, __CF_USER_TEXT_ENCODING=0x1F5:0x0:0x0, Apple_PubSub_Socket_Render=/private/tmp/com.apple.launchd.AT4uMcFT23/Render, com.apple.java.jvmTask=CommandLine, COLORFGBG=12;8, HOME=/Users/pivotal, SHLVL=1}}]
09:40:40.080 [Test worker] DEBUG org.springframework.core.env.StandardEnvironment - Adding PropertySource 'class path resource [config/saj.properties]' with highest search precedence
09:40:40.081 [Test worker] DEBUG org.springframework.test.context.support.TestPropertySourceUtils - Adding inlined properties to environment: {spring.jmx.enabled=false, org.springframework.boot.test.context.SpringBootTestContextBootstrapper=true, server.port=0}
09:40:40.081 [Test worker] DEBUG org.springframework.core.env.StandardEnvironment - Adding PropertySource 'Inlined Test Properties' with highest search precedence

  .   ____          _            __ _ _
 /\\ / ___'_ __ _ _(_)_ __  __ _ \ \ \ \
( ( )\___ | '_ | '_| | '_ \/ _` | \ \ \ \
 \\/  ___)| |_)| | | | | || (_| |  ) ) ) )
  '  |____| .__|_| |_|_| |_\__, | / / / /
 =========|_|==============|___/=/_/_/_/
 :: Spring Boot ::        (v1.5.8.RELEASE)

2017-11-22 09:40:40.300  INFO 456 --- [    Test worker] i.p.gemfire.toolsmiths.hydradb.HostTest  : Starting HostTest on callisto with PID 456 (started by pivotal in /Users/pivotal/workspace/hydradbREST)
2017-11-22 09:40:40.301  INFO 456 --- [    Test worker] i.p.gemfire.toolsmiths.hydradb.HostTest  : No active profile set, falling back to default profiles: default
2017-11-22 09:40:40.490  INFO 456 --- [    Test worker] ationConfigEmbeddedWebApplicationContext : Refreshing org.springframework.boot.context.embedded.AnnotationConfigEmbeddedWebApplicationContext@3c1ffd4f: startup date [Wed Nov 22 09:40:40 PST 2017]; root of context hierarchy
2017-11-22 09:40:41.741  INFO 456 --- [    Test worker] s.b.c.e.t.TomcatEmbeddedServletContainer : Tomcat initialized with port(s): 0 (http)
2017-11-22 09:40:41.750  INFO 456 --- [    Test worker] o.apache.catalina.core.StandardService   : Starting service [Tomcat]
2017-11-22 09:40:41.751  INFO 456 --- [    Test worker] org.apache.catalina.core.StandardEngine  : Starting Servlet Engine: Apache Tomcat/8.5.23
2017-11-22 09:40:41.843  INFO 456 --- [ost-startStop-1] o.a.c.c.C.[Tomcat].[localhost].[/]       : Initializing Spring embedded WebApplicationContext
2017-11-22 09:40:41.843  INFO 456 --- [ost-startStop-1] o.s.web.context.ContextLoader            : Root WebApplicationContext: initialization completed in 1355 ms
2017-11-22 09:40:41.913  INFO 456 --- [ost-startStop-1] o.s.b.w.servlet.ServletRegistrationBean  : Mapping servlet: 'dispatcherServlet' to [/]
2017-11-22 09:40:41.916  INFO 456 --- [ost-startStop-1] o.s.b.w.servlet.FilterRegistrationBean   : Mapping filter: 'characterEncodingFilter' to: [/*]
2017-11-22 09:40:42.428  INFO 456 --- [    Test worker] j.LocalContainerEntityManagerFactoryBean : Building JPA container EntityManagerFactory for persistence unit 'default'
2017-11-22 09:40:42.445  INFO 456 --- [    Test worker] o.hibernate.jpa.internal.util.LogHelper  : HHH000204: Processing PersistenceUnitInfo [
	name: default
	...]
2017-11-22 09:40:42.502  INFO 456 --- [    Test worker] org.hibernate.Version                    : HHH000412: Hibernate Core {5.0.12.Final}
2017-11-22 09:40:42.503  INFO 456 --- [    Test worker] org.hibernate.cfg.Environment            : HHH000206: hibernate.properties not found
2017-11-22 09:40:42.504  INFO 456 --- [    Test worker] org.hibernate.cfg.Environment            : HHH000021: Bytecode provider name : javassist
2017-11-22 09:40:42.538  INFO 456 --- [    Test worker] o.hibernate.annotations.common.Version   : HCANN000001: Hibernate Commons Annotations {5.0.1.Final}
2017-11-22 09:40:42.622  INFO 456 --- [    Test worker] org.hibernate.dialect.Dialect            : HHH000400: Using dialect: org.hibernate.dialect.HSQLDialect
2017-11-22 09:40:42.962  INFO 456 --- [    Test worker] org.hibernate.tool.hbm2ddl.SchemaExport  : HHH000227: Running hbm2ddl schema export
Hibernate: drop table host if exists
Hibernate: drop table hydra_run if exists
Hibernate: drop table hydra_test if exists
Hibernate: drop table hydra_test_detail if exists
Hibernate: drop table hydra_testsuite if exists
Hibernate: drop table hydra_testsuite_detail if exists
Hibernate: create table host (id integer generated by default as identity (start with 1), name varchar(255), os_info varchar(255), os_type varchar(255), primary key (id))
Hibernate: create table hydra_run (id integer generated by default as identity (start with 1), build_id varchar(255), build_location varchar(255), comments varchar(255), date DATE DEFAULT CURRENT_TIMESTAMP, full_regression boolean, java_home varchar(255), java_vendor varchar(255), java_version varchar(255), product_version varchar(255), regression_type integer, svn_repository varchar(255), svn_revision varchar(255), user_name varchar(255), primary key (id))
Hibernate: create table hydra_test (id integer not null, conf varchar(255), full_test_spec varchar(255), hydra_testsuite varbinary(255), hydra_testsuite_id integer, primary key (id))
Hibernate: create table hydra_test_detail (id integer not null, bug_number varchar(255), comment varchar(255), disk_usage varchar(255), elapsed_time varchar(255), error varchar(255), hydra_run varbinary(255), hydra_run_id integer, hydra_test varbinary(255), hydra_test_id integer, hydra_testsuite_detail varbinary(255), hydra_testsuite_detail_id integer, status varchar(255), tags varchar(255), primary key (id))
Hibernate: create table hydra_testsuite (id integer not null, name varchar(255), primary key (id))
Hibernate: create table hydra_testsuite_detail (id integer not null, artifact_location varchar(255), comment varchar(255), date timestamp, disk_usage varchar(255), elapsed_time varchar(255), failcount integer, hangcount integer, host varbinary(255), host_id integer, hydra_run varbinary(255), hydra_run_id integer, hydra_testsuite varbinary(255), hydra_testsuite_id integer, local_conf varchar(255), passcount integer, primary key (id))
2017-11-22 09:40:42.970  INFO 456 --- [    Test worker] org.hibernate.tool.hbm2ddl.SchemaExport  : HHH000230: Schema export complete
2017-11-22 09:40:42.996  INFO 456 --- [    Test worker] j.LocalContainerEntityManagerFactoryBean : Initialized JPA EntityManagerFactory for persistence unit 'default'
2017-11-22 09:40:43.528  INFO 456 --- [    Test worker] o.h.h.i.QueryTranslatorFactoryInitiator  : HHH000397: Using ASTQueryTranslatorFactory
2017-11-22 09:40:43.818  INFO 456 --- [    Test worker] s.w.s.m.m.a.RequestMappingHandlerMapping : Mapped "{[/host],methods=[GET],params=[name]}" onto private java.util.List<io.pivotal.gemfire.toolsmiths.hydradb.data.hydra.Host> io.pivotal.gemfire.toolsmiths.hydradb.HostEndpoint.getHost(java.lang.String)
2017-11-22 09:40:43.818  INFO 456 --- [    Test worker] s.w.s.m.m.a.RequestMappingHandlerMapping : Mapped "{[/host],methods=[GET],params=[id]}" onto private io.pivotal.gemfire.toolsmiths.hydradb.data.hydra.Host io.pivotal.gemfire.toolsmiths.hydradb.HostEndpoint.getHost(java.lang.Integer)
2017-11-22 09:40:43.829  INFO 456 --- [    Test worker] s.w.s.m.m.a.RequestMappingHandlerMapping : Mapped "{[/HydraDB/Host/create],methods=[GET],params=[name && osType && osInfo],produces=[application/json]}" onto public io.pivotal.gemfire.toolsmiths.hydradb.data.hydra.Host io.pivotal.gemfire.toolsmiths.hydradb.HydraDBServiceEndpoint.createHost(java.lang.String,java.lang.String,java.lang.String)
2017-11-22 09:40:43.829  INFO 456 --- [    Test worker] s.w.s.m.m.a.RequestMappingHandlerMapping : Mapped "{[/HydraDB/Host/getById],methods=[GET],params=[id],produces=[application/json]}" onto public org.springframework.http.ResponseEntity<io.pivotal.gemfire.toolsmiths.hydradb.data.hydra.Host> io.pivotal.gemfire.toolsmiths.hydradb.HydraDBServiceEndpoint.getHostById(java.lang.Integer)
2017-11-22 09:40:43.829  INFO 456 --- [    Test worker] s.w.s.m.m.a.RequestMappingHandlerMapping : Mapped "{[/HydraDB/Host/getByName],methods=[GET],params=[name],produces=[application/json]}" onto public java.util.List<io.pivotal.gemfire.toolsmiths.hydradb.data.hydra.Host> io.pivotal.gemfire.toolsmiths.hydradb.HydraDBServiceEndpoint.getHostByName(java.lang.String)
2017-11-22 09:40:43.829  INFO 456 --- [    Test worker] s.w.s.m.m.a.RequestMappingHandlerMapping : Mapped "{[/HydraDB/Host/max],methods=[GET],produces=[application/json]}" onto public java.lang.Integer io.pivotal.gemfire.toolsmiths.hydradb.HydraDBServiceEndpoint.maxHostId()
2017-11-22 09:40:43.829  INFO 456 --- [    Test worker] s.w.s.m.m.a.RequestMappingHandlerMapping : Mapped "{[/HydraDB/HydraRun/max],methods=[GET],produces=[application/json]}" onto public java.lang.Integer io.pivotal.gemfire.toolsmiths.hydradb.HydraDBServiceEndpoint.maxHydraRunId()
2017-11-22 09:40:43.830  INFO 456 --- [    Test worker] s.w.s.m.m.a.RequestMappingHandlerMapping : Mapped "{[/HydraDB/HydraRun/getById],methods=[GET],params=[id],produces=[application/json]}" onto public io.pivotal.gemfire.toolsmiths.hydradb.data.hydra.HydraRun io.pivotal.gemfire.toolsmiths.hydradb.HydraDBServiceEndpoint.getHydraRunById(java.lang.Integer)
2017-11-22 09:40:43.830  INFO 456 --- [    Test worker] s.w.s.m.m.a.RequestMappingHandlerMapping : Mapped "{[/HydraDB/HydraRun/create],methods=[GET],params=[userName && productVersion && buildId && svnRepository && svnRevision && javaVersion && javaVendor && javaHome && fullRegression && regressionType && comments && buildLocation],produces=[application/json]}" onto public io.pivotal.gemfire.toolsmiths.hydradb.data.hydra.HydraRun io.pivotal.gemfire.toolsmiths.hydradb.HydraDBServiceEndpoint.createHydraRun(java.lang.String,java.lang.String,java.lang.String,java.lang.String,java.lang.String,java.lang.String,java.lang.String,java.lang.String,java.lang.Boolean,java.lang.Integer,java.lang.String,java.lang.String)
2017-11-22 09:40:43.830  INFO 456 --- [    Test worker] s.w.s.m.m.a.RequestMappingHandlerMapping : Mapped "{[/HydraDB/HydraRun/getSet],methods=[GET],params=[list && gemfireVersion && jdk && jdkVendor && svnRevision && branch && buildUser],produces=[application/json]}" onto public java.util.Map<java.lang.Integer, io.pivotal.gemfire.toolsmiths.hydradb.data.hydra.HydraRun> io.pivotal.gemfire.toolsmiths.hydradb.HydraDBServiceEndpoint.getHydraRunSet(java.util.List<java.lang.Integer>,java.lang.String,java.lang.String,java.lang.String,int,java.lang.String,java.lang.String)
2017-11-22 09:40:43.830  INFO 456 --- [    Test worker] s.w.s.m.m.a.RequestMappingHandlerMapping : Mapped "{[/HydraDB/HydraTest/getById],methods=[GET],params=[hydraTestsuiteId],produces=[application/json]}" onto public io.pivotal.gemfire.toolsmiths.hydradb.data.hydra.HydraTest io.pivotal.gemfire.toolsmiths.hydradb.HydraDBServiceEndpoint.getHydraTestById(java.lang.Integer)
2017-11-22 09:40:43.831  INFO 456 --- [    Test worker] s.w.s.m.m.a.RequestMappingHandlerMapping : Mapped "{[/HydraDB/HydraTest/getId],methods=[GET],params=[fullTestSpec && hydraTestsuiteId],produces=[application/json]}" onto public java.lang.Integer io.pivotal.gemfire.toolsmiths.hydradb.HydraDBServiceEndpoint.getHydraTestId(java.lang.String,java.lang.Integer)
2017-11-22 09:40:43.831  INFO 456 --- [    Test worker] s.w.s.m.m.a.RequestMappingHandlerMapping : Mapped "{[/HydraDB/HydraTest/create],methods=[GET],params=[conf && fullTestSpec && hydraTestsuiteId],produces=[application/json]}" onto public java.lang.Integer io.pivotal.gemfire.toolsmiths.hydradb.HydraDBServiceEndpoint.createHydraTest(java.lang.String,java.lang.String,java.lang.Integer)
2017-11-22 09:40:43.831  INFO 456 --- [    Test worker] s.w.s.m.m.a.RequestMappingHandlerMapping : Mapped "{[/HydraDB/HydraTest/getByTestSpecAndTestsuiteId],methods=[GET],params=[conf && fullTestSpec && hydraTestsuiteId],produces=[application/json]}" onto public io.pivotal.gemfire.toolsmiths.hydradb.data.hydra.HydraTest io.pivotal.gemfire.toolsmiths.hydradb.HydraDBServiceEndpoint.getHydraTestByFullTestSpecAndHydraTestsuiteId(java.lang.String,java.lang.Integer)
2017-11-22 09:40:43.831  INFO 456 --- [    Test worker] s.w.s.m.m.a.RequestMappingHandlerMapping : Mapped "{[/HydraDB/HydraTestDetail/create],methods=[GET],params=[elapsedTime && diskStr && status && error && bugNumber && testId && testsuiteDetailId && runId && comment && tags],produces=[application/json]}" onto public io.pivotal.gemfire.toolsmiths.hydradb.data.hydra.HydraTestDetail io.pivotal.gemfire.toolsmiths.hydradb.HydraDBServiceEndpoint.createHydraTestDetail(java.lang.String,java.lang.String,java.lang.String,java.lang.String,java.lang.String,long,long,int,java.lang.String,java.lang.String)
2017-11-22 09:40:43.831  INFO 456 --- [    Test worker] s.w.s.m.m.a.RequestMappingHandlerMapping : Mapped "{[/HydraDB/HydraTestDetail/get],methods=[GET],params=[testId && testsuiteDetailId && runId],produces=[application/json]}" onto public io.pivotal.gemfire.toolsmiths.hydradb.data.hydra.HydraTestDetail io.pivotal.gemfire.toolsmiths.hydradb.HydraDBServiceEndpoint.getHydraTestDetail(long,long,int)
2017-11-22 09:40:43.832  INFO 456 --- [    Test worker] s.w.s.m.m.a.RequestMappingHandlerMapping : Mapped "{[/HydraDB/HydraTestsuite/getInfo],methods=[GET],params=[suiteId],produces=[application/json]}" onto public io.pivotal.gemfire.toolsmiths.hydradb.TestSuiteInfo io.pivotal.gemfire.toolsmiths.hydradb.HydraDBServiceEndpoint.getTestSuiteInfo(long)
2017-11-22 09:40:43.832  INFO 456 --- [    Test worker] s.w.s.m.m.a.RequestMappingHandlerMapping : Mapped "{[/HydraDB/HydraTestsuite/getInfoById],methods=[GET],params=[id],produces=[application/json]}" onto public io.pivotal.gemfire.toolsmiths.hydradb.IdAndName io.pivotal.gemfire.toolsmiths.hydradb.HydraDBServiceEndpoint.getHydraTestsuiteIdAndNameById(java.lang.Integer)
2017-11-22 09:40:43.832  INFO 456 --- [    Test worker] s.w.s.m.m.a.RequestMappingHandlerMapping : Mapped "{[/HydraDB/HydraTestsuite/getInfoByName],methods=[GET],params=[name],produces=[application/json]}" onto public io.pivotal.gemfire.toolsmiths.hydradb.IdAndName io.pivotal.gemfire.toolsmiths.hydradb.HydraDBServiceEndpoint.getHydraTestsuiteIdAndNameByName(java.lang.String)
2017-11-22 09:40:43.832  INFO 456 --- [    Test worker] s.w.s.m.m.a.RequestMappingHandlerMapping : Mapped "{[/HydraDB/HydraTestsuiteDetail/getById],methods=[GET],params=[hydraTestsuiteId],produces=[application/json]}" onto public io.pivotal.gemfire.toolsmiths.hydradb.data.hydra.HydraTestsuiteDetail io.pivotal.gemfire.toolsmiths.hydradb.HydraDBServiceEndpoint.getHydraTestsuiteDetailById(java.lang.Integer)
2017-11-22 09:40:43.833  INFO 456 --- [    Test worker] s.w.s.m.m.a.RequestMappingHandlerMapping : Mapped "{[/HydraDB/HydraTestsuiteDetail/get],methods=[GET],params=[hydraTestsuiteId && hydraRunId && hostId && date],produces=[application/json]}" onto public io.pivotal.gemfire.toolsmiths.hydradb.data.hydra.HydraTestsuiteDetail io.pivotal.gemfire.toolsmiths.hydradb.HydraDBServiceEndpoint.getHydraTestsuiteDetail(java.lang.Integer,java.lang.Integer,java.lang.Integer,java.util.Date)
2017-11-22 09:40:43.833  INFO 456 --- [    Test worker] s.w.s.m.m.a.RequestMappingHandlerMapping : Mapped "{[/HydraDB/HydraTestsuiteDetail/create],methods=[GET],params=[date && elapsedTime && diskUsage && localConf && hydraTestsuiteId && hydraRunId && hostId && comment && artifactLocation],produces=[application/json]}" onto public java.lang.Integer io.pivotal.gemfire.toolsmiths.hydradb.HydraDBServiceEndpoint.createHydraTestsuiteDetail(java.util.Date,java.lang.String,java.lang.String,java.lang.String,java.lang.Integer,java.lang.Integer,java.lang.Integer,java.lang.String,java.lang.String)
2017-11-22 09:40:43.833  INFO 456 --- [    Test worker] s.w.s.m.m.a.RequestMappingHandlerMapping : Mapped "{[/HydraDB/HydraTestsuiteDetail/create],methods=[GET],params=[id && hydraRunList],produces=[application/json]}" onto public io.pivotal.gemfire.toolsmiths.hydradb.HydraHistory io.pivotal.gemfire.toolsmiths.hydradb.HydraDBServiceEndpoint.getHydraHistoryForBatteryTest(int,java.util.Map<java.lang.Integer, io.pivotal.gemfire.toolsmiths.hydradb.data.hydra.HydraRun>)
2017-11-22 09:40:43.833  INFO 456 --- [    Test worker] s.w.s.m.m.a.RequestMappingHandlerMapping : Mapped "{[/HydraDB/sajtest],methods=[GET],produces=[application/json]}" onto private io.pivotal.gemfire.toolsmiths.hydradb.data.hydra.HydraRun io.pivotal.gemfire.toolsmiths.hydradb.HydraDBServiceEndpoint.doit(org.springframework.web.client.RestTemplate)
2017-11-22 09:40:43.835  INFO 456 --- [    Test worker] s.w.s.m.m.a.RequestMappingHandlerMapping : Mapped "{[/error]}" onto public org.springframework.http.ResponseEntity<java.util.Map<java.lang.String, java.lang.Object>> org.springframework.boot.autoconfigure.web.BasicErrorController.error(javax.servlet.http.HttpServletRequest)
2017-11-22 09:40:43.836  INFO 456 --- [    Test worker] s.w.s.m.m.a.RequestMappingHandlerMapping : Mapped "{[/error],produces=[text/html]}" onto public org.springframework.web.servlet.ModelAndView org.springframework.boot.autoconfigure.web.BasicErrorController.errorHtml(javax.servlet.http.HttpServletRequest,javax.servlet.http.HttpServletResponse)
2017-11-22 09:40:43.913  INFO 456 --- [    Test worker] s.w.s.m.m.a.RequestMappingHandlerAdapter : Looking for @ControllerAdvice: org.springframework.boot.context.embedded.AnnotationConfigEmbeddedWebApplicationContext@3c1ffd4f: startup date [Wed Nov 22 09:40:40 PST 2017]; root of context hierarchy
2017-11-22 09:40:44.212  INFO 456 --- [    Test worker] s.b.c.e.t.TomcatEmbeddedServletContainer : Tomcat started on port(s): 53911 (http)
2017-11-22 09:40:44.216  INFO 456 --- [    Test worker] i.p.gemfire.toolsmiths.hydradb.HostTest  : Started HostTest in 4.132 seconds (JVM running for 4.813)
2017-11-22 09:40:44.311  WARN 456 --- [    Test worker] o.dbunit.dataset.AbstractTableMetaData   : Potential problem found: The configured data type factory 'class org.dbunit.dataset.datatype.DefaultDataTypeFactory' might cause problems with the current database 'HSQL Database Engine' (e.g. some datatypes may not be supported properly). In rare cases you might see this message because the list of supported database products is incomplete (list=[derby]). If so please request a java-class update via the forums.If you are using your own IDataTypeFactory extending DefaultDataTypeFactory, ensure that you override getValidDbProducts() to specify the supported database products.
2017-11-22 09:40:45.137  INFO 456 --- [o-auto-1-exec-1] o.a.c.c.C.[Tomcat].[localhost].[/]       : Initializing Spring FrameworkServlet 'dispatcherServlet'
2017-11-22 09:40:45.137  INFO 456 --- [o-auto-1-exec-1] o.s.web.servlet.DispatcherServlet        : FrameworkServlet 'dispatcherServlet': initialization started
2017-11-22 09:40:45.151  INFO 456 --- [o-auto-1-exec-1] o.s.web.servlet.DispatcherServlet        : FrameworkServlet 'dispatcherServlet': initialization completed in 14 ms
Hibernate: select host0_.id as id1_0_, host0_.name as name2_0_, host0_.os_info as os_info3_0_, host0_.os_type as os_type4_0_ from host host0_ where host0_.id=?
2017-11-22 09:40:45.560  INFO 456 --- [    Test worker] ationConfigEmbeddedWebApplicationContext : Closing org.springframework.boot.context.embedded.AnnotationConfigEmbeddedWebApplicationContext@3c1ffd4f: startup date [Wed Nov 22 09:40:40 PST 2017]; root of context hierarchy
2017-11-22 09:40:45.563  INFO 456 --- [    Test worker] j.LocalContainerEntityManagerFactoryBean : Closing JPA EntityManagerFactory for persistence unit 'default'
2017-11-22 09:40:45.563  INFO 456 --- [    Test worker] org.hibernate.tool.hbm2ddl.SchemaExport  : HHH000227: Running hbm2ddl schema export
Hibernate: drop table host if exists
Hibernate: drop table hydra_run if exists
Hibernate: drop table hydra_test if exists
Hibernate: drop table hydra_test_detail if exists
Hibernate: drop table hydra_testsuite if exists
Hibernate: drop table hydra_testsuite_detail if exists
2017-11-22 09:40:45.565  INFO 456 --- [    Test worker] org.hibernate.tool.hbm2ddl.SchemaExport  : HHH000230: Schema export complete

  .   ____          _            __ _ _
 /\\ / ___'_ __ _ _(_)_ __  __ _ \ \ \ \
( ( )\___ | '_ | '_| | '_ \/ _` | \ \ \ \
 \\/  ___)| |_)| | | | | || (_| |  ) ) ) )
  '  |____| .__|_| |_|_| |_\__, | / / / /
 =========|_|==============|___/=/_/_/_/
 :: Spring Boot ::        (v1.5.8.RELEASE)

2017-11-22 09:40:45.676  INFO 456 --- [    Test worker] i.p.gemfire.toolsmiths.hydradb.HostTest  : Starting HostTest on callisto with PID 456 (started by pivotal in /Users/pivotal/workspace/hydradbREST)
2017-11-22 09:40:45.676  INFO 456 --- [    Test worker] i.p.gemfire.toolsmiths.hydradb.HostTest  : No active profile set, falling back to default profiles: default
2017-11-22 09:40:45.678  INFO 456 --- [    Test worker] ationConfigEmbeddedWebApplicationContext : Refreshing org.springframework.boot.context.embedded.AnnotationConfigEmbeddedWebApplicationContext@7ea72f4a: startup date [Wed Nov 22 09:40:45 PST 2017]; root of context hierarchy
2017-11-22 09:40:45.987  INFO 456 --- [    Test worker] s.b.c.e.t.TomcatEmbeddedServletContainer : Tomcat initialized with port(s): 0 (http)
2017-11-22 09:40:45.988  INFO 456 --- [    Test worker] o.apache.catalina.core.StandardService   : Starting service [Tomcat]
2017-11-22 09:40:45.988  INFO 456 --- [    Test worker] org.apache.catalina.core.StandardEngine  : Starting Servlet Engine: Apache Tomcat/8.5.23
2017-11-22 09:40:45.995  INFO 456 --- [ost-startStop-1] o.a.c.c.C.[Tomcat].[localhost].[/]       : Initializing Spring embedded WebApplicationContext
2017-11-22 09:40:45.996  INFO 456 --- [ost-startStop-1] o.s.web.context.ContextLoader            : Root WebApplicationContext: initialization completed in 318 ms
2017-11-22 09:40:46.049  INFO 456 --- [ost-startStop-1] o.s.b.w.servlet.ServletRegistrationBean  : Mapping servlet: 'dispatcherServlet' to [/]
2017-11-22 09:40:46.049  INFO 456 --- [ost-startStop-1] o.s.b.w.servlet.FilterRegistrationBean   : Mapping filter: 'characterEncodingFilter' to: [/*]
2017-11-22 09:40:46.172  INFO 456 --- [    Test worker] j.LocalContainerEntityManagerFactoryBean : Building JPA container EntityManagerFactory for persistence unit 'default'
2017-11-22 09:40:46.172  INFO 456 --- [    Test worker] o.hibernate.jpa.internal.util.LogHelper  : HHH000204: Processing PersistenceUnitInfo [
	name: default
	...]
2017-11-22 09:40:46.175  INFO 456 --- [    Test worker] org.hibernate.dialect.Dialect            : HHH000400: Using dialect: org.hibernate.dialect.HSQLDialect
2017-11-22 09:40:46.213  INFO 456 --- [    Test worker] org.hibernate.tool.hbm2ddl.SchemaExport  : HHH000227: Running hbm2ddl schema export
Hibernate: drop table host if exists
Hibernate: drop table hydra_run if exists
Hibernate: drop table hydra_test if exists
Hibernate: drop table hydra_test_detail if exists
Hibernate: drop table hydra_testsuite if exists
Hibernate: drop table hydra_testsuite_detail if exists
Hibernate: create table host (id integer generated by default as identity (start with 1), name varchar(255), os_info varchar(255), os_type varchar(255), primary key (id))
Hibernate: create table hydra_run (id integer generated by default as identity (start with 1), build_id varchar(255), build_location varchar(255), comments varchar(255), date DATE DEFAULT CURRENT_TIMESTAMP, full_regression boolean, java_home varchar(255), java_vendor varchar(255), java_version varchar(255), product_version varchar(255), regression_type integer, svn_repository varchar(255), svn_revision varchar(255), user_name varchar(255), primary key (id))
Hibernate: create table hydra_test (id integer not null, conf varchar(255), full_test_spec varchar(255), hydra_testsuite varbinary(255), hydra_testsuite_id integer, primary key (id))
Hibernate: create table hydra_test_detail (id integer not null, bug_number varchar(255), comment varchar(255), disk_usage varchar(255), elapsed_time varchar(255), error varchar(255), hydra_run varbinary(255), hydra_run_id integer, hydra_test varbinary(255), hydra_test_id integer, hydra_testsuite_detail varbinary(255), hydra_testsuite_detail_id integer, status varchar(255), tags varchar(255), primary key (id))
Hibernate: create table hydra_testsuite (id integer not null, name varchar(255), primary key (id))
Hibernate: create table hydra_testsuite_detail (id integer not null, artifact_location varchar(255), comment varchar(255), date timestamp, disk_usage varchar(255), elapsed_time varchar(255), failcount integer, hangcount integer, host varbinary(255), host_id integer, hydra_run varbinary(255), hydra_run_id integer, hydra_testsuite varbinary(255), hydra_testsuite_id integer, local_conf varchar(255), passcount integer, primary key (id))
2017-11-22 09:40:46.216  INFO 456 --- [    Test worker] org.hibernate.tool.hbm2ddl.SchemaExport  : HHH000230: Schema export complete
2017-11-22 09:40:46.219  INFO 456 --- [    Test worker] j.LocalContainerEntityManagerFactoryBean : Initialized JPA EntityManagerFactory for persistence unit 'default'
2017-11-22 09:40:46.321  INFO 456 --- [    Test worker] o.h.h.i.QueryTranslatorFactoryInitiator  : HHH000397: Using ASTQueryTranslatorFactory
2017-11-22 09:40:46.409  INFO 456 --- [    Test worker] s.w.s.m.m.a.RequestMappingHandlerMapping : Mapped "{[/host],methods=[GET],params=[name]}" onto private java.util.List<io.pivotal.gemfire.toolsmiths.hydradb.data.hydra.Host> io.pivotal.gemfire.toolsmiths.hydradb.HostEndpoint.getHost(java.lang.String)
2017-11-22 09:40:46.409  INFO 456 --- [    Test worker] s.w.s.m.m.a.RequestMappingHandlerMapping : Mapped "{[/host],methods=[GET],params=[id]}" onto private io.pivotal.gemfire.toolsmiths.hydradb.data.hydra.Host io.pivotal.gemfire.toolsmiths.hydradb.HostEndpoint.getHost(java.lang.Integer)
2017-11-22 09:40:46.416  INFO 456 --- [    Test worker] s.w.s.m.m.a.RequestMappingHandlerMapping : Mapped "{[/HydraDB/Host/create],methods=[GET],params=[name && osType && osInfo],produces=[application/json]}" onto public io.pivotal.gemfire.toolsmiths.hydradb.data.hydra.Host io.pivotal.gemfire.toolsmiths.hydradb.HydraDBServiceEndpoint.createHost(java.lang.String,java.lang.String,java.lang.String)
2017-11-22 09:40:46.416  INFO 456 --- [    Test worker] s.w.s.m.m.a.RequestMappingHandlerMapping : Mapped "{[/HydraDB/Host/getById],methods=[GET],params=[id],produces=[application/json]}" onto public org.springframework.http.ResponseEntity<io.pivotal.gemfire.toolsmiths.hydradb.data.hydra.Host> io.pivotal.gemfire.toolsmiths.hydradb.HydraDBServiceEndpoint.getHostById(java.lang.Integer)
2017-11-22 09:40:46.417  INFO 456 --- [    Test worker] s.w.s.m.m.a.RequestMappingHandlerMapping : Mapped "{[/HydraDB/Host/getByName],methods=[GET],params=[name],produces=[application/json]}" onto public java.util.List<io.pivotal.gemfire.toolsmiths.hydradb.data.hydra.Host> io.pivotal.gemfire.toolsmiths.hydradb.HydraDBServiceEndpoint.getHostByName(java.lang.String)
2017-11-22 09:40:46.417  INFO 456 --- [    Test worker] s.w.s.m.m.a.RequestMappingHandlerMapping : Mapped "{[/HydraDB/Host/max],methods=[GET],produces=[application/json]}" onto public java.lang.Integer io.pivotal.gemfire.toolsmiths.hydradb.HydraDBServiceEndpoint.maxHostId()
2017-11-22 09:40:46.417  INFO 456 --- [    Test worker] s.w.s.m.m.a.RequestMappingHandlerMapping : Mapped "{[/HydraDB/HydraRun/max],methods=[GET],produces=[application/json]}" onto public java.lang.Integer io.pivotal.gemfire.toolsmiths.hydradb.HydraDBServiceEndpoint.maxHydraRunId()
2017-11-22 09:40:46.417  INFO 456 --- [    Test worker] s.w.s.m.m.a.RequestMappingHandlerMapping : Mapped "{[/HydraDB/HydraRun/getById],methods=[GET],params=[id],produces=[application/json]}" onto public io.pivotal.gemfire.toolsmiths.hydradb.data.hydra.HydraRun io.pivotal.gemfire.toolsmiths.hydradb.HydraDBServiceEndpoint.getHydraRunById(java.lang.Integer)
2017-11-22 09:40:46.417  INFO 456 --- [    Test worker] s.w.s.m.m.a.RequestMappingHandlerMapping : Mapped "{[/HydraDB/HydraRun/create],methods=[GET],params=[userName && productVersion && buildId && svnRepository && svnRevision && javaVersion && javaVendor && javaHome && fullRegression && regressionType && comments && buildLocation],produces=[application/json]}" onto public io.pivotal.gemfire.toolsmiths.hydradb.data.hydra.HydraRun io.pivotal.gemfire.toolsmiths.hydradb.HydraDBServiceEndpoint.createHydraRun(java.lang.String,java.lang.String,java.lang.String,java.lang.String,java.lang.String,java.lang.String,java.lang.String,java.lang.String,java.lang.Boolean,java.lang.Integer,java.lang.String,java.lang.String)
2017-11-22 09:40:46.418  INFO 456 --- [    Test worker] s.w.s.m.m.a.RequestMappingHandlerMapping : Mapped "{[/HydraDB/HydraRun/getSet],methods=[GET],params=[list && gemfireVersion && jdk && jdkVendor && svnRevision && branch && buildUser],produces=[application/json]}" onto public java.util.Map<java.lang.Integer, io.pivotal.gemfire.toolsmiths.hydradb.data.hydra.HydraRun> io.pivotal.gemfire.toolsmiths.hydradb.HydraDBServiceEndpoint.getHydraRunSet(java.util.List<java.lang.Integer>,java.lang.String,java.lang.String,java.lang.String,int,java.lang.String,java.lang.String)
[...]
Hibernate: drop table hydra_run if exists
Hibernate: drop table hydra_test if exists
Hibernate: drop table hydra_test_detail if exists
Hibernate: drop table hydra_testsuite if exists
Hibernate: drop table hydra_testsuite_detail if exists
2017-11-22 09:40:46.743  INFO 456 --- [    Test worker] org.hibernate.tool.hbm2ddl.SchemaExport  : HHH000230: Schema export complete

  .   ____          _            __ _ _
 /\\ / ___'_ __ _ _(_)_ __  __ _ \ \ \ \
( ( )\___ | '_ | '_| | '_ \/ _` | \ \ \ \
 \\/  ___)| |_)| | | | | || (_| |  ) ) ) )
  '  |____| .__|_| |_|_| |_\__, | / / / /
 =========|_|==============|___/=/_/_/_/
 :: Spring Boot ::        (v1.5.8.RELEASE)

2017-11-22 09:40:46.789  INFO 456 --- [    Test worker] i.p.gemfire.toolsmiths.hydradb.HostTest  : Starting HostTest on callisto with PID 456 (started by pivotal in /Users/pivotal/workspace/hydradbREST)
2017-11-22 09:40:46.790  INFO 456 --- [    Test worker] i.p.gemfire.toolsmiths.hydradb.HostTest  : No active profile set, falling back to default profiles: default
2017-11-22 09:40:46.791  INFO 456 --- [    Test worker] ationConfigEmbeddedWebApplicationContext : Refreshing org.springframework.boot.context.embedded.AnnotationConfigEmbeddedWebApplicationContext@5ffaa749: startup date [Wed Nov 22 09:40:46 PST 2017]; root of context hierarchy
2017-11-22 09:40:47.153  INFO 456 --- [    Test worker] s.b.c.e.t.TomcatEmbeddedServletContainer : Tomcat initialized with port(s): 0 (http)
2017-11-22 09:40:47.154  INFO 456 --- [    Test worker] o.apache.catalina.core.StandardService   : Starting service [Tomcat]
2017-11-22 09:40:47.154  INFO 456 --- [    Test worker] org.apache.catalina.core.StandardEngine  : Starting Servlet Engine: Apache Tomcat/8.5.23
2017-11-22 09:40:47.159  INFO 456 --- [ost-startStop-1] o.a.c.c.C.[Tomcat].[localhost].[/]       : Initializing Spring embedded WebApplicationContext
2017-11-22 09:40:47.159  INFO 456 --- [ost-startStop-1] o.s.web.context.ContextLoader            : Root WebApplicationContext: initialization completed in 368 ms
2017-11-22 09:40:47.196  INFO 456 --- [ost-startStop-1] o.s.b.w.servlet.ServletRegistrationBean  : Mapping servlet: 'dispatcherServlet' to [/]
2017-11-22 09:40:47.196  INFO 456 --- [ost-startStop-1] o.s.b.w.servlet.FilterRegistrationBean   : Mapping filter: 'characterEncodingFilter' to: [/*]
2017-11-22 09:40:47.299  INFO 456 --- [    Test worker] j.LocalContainerEntityManagerFactoryBean : Building JPA container EntityManagerFactory for persistence unit 'default'
2017-11-22 09:40:47.299  INFO 456 --- [    Test worker] o.hibernate.jpa.internal.util.LogHelper  : HHH000204: Processing PersistenceUnitInfo [
	name: default
	...]
2017-11-22 09:40:47.303  INFO 456 --- [    Test worker] org.hibernate.dialect.Dialect            : HHH000400: Using dialect: org.hibernate.dialect.HSQLDialect
2017-11-22 09:40:47.351  INFO 456 --- [    Test worker] org.hibernate.tool.hbm2ddl.SchemaExport  : HHH000227: Running hbm2ddl schema export
Hibernate: drop table host if exists
Hibernate: drop table hydra_run if exists
Hibernate: drop table hydra_test if exists
Hibernate: drop table hydra_test_detail if exists
Hibernate: drop table hydra_testsuite if exists
Hibernate: drop table hydra_testsuite_detail if exists
Hibernate: create table host (id integer generated by default as identity (start with 1), name varchar(255), os_info varchar(255), os_type varchar(255), primary key (id))
Hibernate: create table hydra_run (id integer generated by default as identity (start with 1), build_id varchar(255), build_location varchar(255), comments varchar(255), date DATE DEFAULT CURRENT_TIMESTAMP, full_regression boolean, java_home varchar(255), java_vendor varchar(255), java_version varchar(255), product_version varchar(255), regression_type integer, svn_repository varchar(255), svn_revision varchar(255), user_name varchar(255), primary key (id))
Hibernate: create table hydra_test (id integer not null, conf varchar(255), full_test_spec varchar(255), hydra_testsuite varbinary(255), hydra_testsuite_id integer, primary key (id))
Hibernate: create table hydra_test_detail (id integer not null, bug_number varchar(255), comment varchar(255), disk_usage varchar(255), elapsed_time varchar(255), error varchar(255), hydra_run varbinary(255), hydra_run_id integer, hydra_test varbinary(255), hydra_test_id integer, hydra_testsuite_detail varbinary(255), hydra_testsuite_detail_id integer, status varchar(255), tags varchar(255), primary key (id))
Hibernate: create table hydra_testsuite (id integer not null, name varchar(255), primary key (id))
Hibernate: create table hydra_testsuite_detail (id integer not null, artifact_location varchar(255), comment varchar(255), date timestamp, disk_usage varchar(255), elapsed_time varchar(255), failcount integer, hangcount integer, host varbinary(255), host_id integer, hydra_run varbinary(255), hydra_run_id integer, hydra_testsuite varbinary(255), hydra_testsuite_id integer, local_conf varchar(255), passcount integer, primary key (id))
2017-11-22 09:40:47.355  INFO 456 --- [    Test worker] org.hibernate.tool.hbm2ddl.SchemaExport  : HHH000230: Schema export complete
2017-11-22 09:40:47.358  INFO 456 --- [    Test worker] j.LocalContainerEntityManagerFactoryBean : Initialized JPA EntityManagerFactory for persistence unit 'default'
2017-11-22 09:40:47.449  INFO 456 --- [    Test worker] o.h.h.i.QueryTranslatorFactoryInitiator  : HHH000397: Using ASTQueryTranslatorFactory
2017-11-22 09:40:47.539  INFO 456 --- [    Test worker] s.w.s.m.m.a.RequestMappingHandlerMapping : Mapped "{[/host],methods=[GET],params=[name]}" onto private java.util.List<io.pivotal.gemfire.toolsmiths.hydradb.data.hydra.Host> io.pivotal.gemfire.toolsmiths.hydradb.HostEndpoint.getHost(java.lang.String)
2017-11-22 09:40:47.540  INFO 456 --- [    Test worker] s.w.s.m.m.a.RequestMappingHandlerMapping : Mapped "{[/host],methods=[GET],params=[id]}" onto private io.pivotal.gemfire.toolsmiths.hydradb.data.hydra.Host io.pivotal.gemfire.toolsmiths.hydradb.HostEndpoint.getHost(java.lang.Integer)
2017-11-22 09:40:47.547  INFO 456 --- [    Test worker] s.w.s.m.m.a.RequestMappingHandlerMapping : Mapped "{[/HydraDB/Host/create],methods=[GET],params=[name && osType && osInfo],produces=[application/json]}" onto public io.pivotal.gemfire.toolsmiths.hydradb.data.hydra.Host io.pivotal.gemfire.toolsmiths.hydradb.HydraDBServiceEndpoint.createHost(java.lang.String,java.lang.String,java.lang.String)
2017-11-22 09:40:47.548  INFO 456 --- [    Test worker] s.w.s.m.m.a.RequestMappingHandlerMapping : Mapped "{[/HydraDB/Host/getById],methods=[GET],params=[id],produces=[application/json]}" onto public org.springframework.http.ResponseEntity<io.pivotal.gemfire.toolsmiths.hydradb.data.hydra.Host> io.pivotal.gemfire.toolsmiths.hydradb.HydraDBServiceEndpoint.getHostById(java.lang.Integer)
2017-11-22 09:40:47.548  INFO 456 --- [    Test worker] s.w.s.m.m.a.RequestMappingHandlerMapping : Mapped "{[/HydraDB/Host/getByName],methods=[GET],params=[name],produces=[application/json]}" onto public java.util.List<io.pivotal.gemfire.toolsmiths.hydradb.data.hydra.Host> io.pivotal.gemfire.toolsmiths.hydradb.HydraDBServiceEndpoint.getHostByName(java.lang.String)
2017-11-22 09:40:47.548  INFO 456 --- [    Test worker] s.w.s.m.m.a.RequestMappingHandlerMapping : Mapped "{[/HydraDB/Host/max],methods=[GET],produces=[application/json]}" onto public java.lang.Integer io.pivotal.gemfire.toolsmiths.hydradb.HydraDBServiceEndpoint.maxHostId()
2017-11-22 09:40:47.549  INFO 456 --- [    Test worker] s.w.s.m.m.a.RequestMappingHandlerMapping : Mapped "{[/HydraDB/HydraRun/max],methods=[GET],produces=[application/json]}" onto public java.lang.Integer io.pivotal.gemfire.toolsmiths.hydradb.HydraDBServiceEndpoint.maxHydraRunId()
2017-11-22 09:40:47.549  INFO 456 --- [    Test worker] s.w.s.m.m.a.RequestMappingHandlerMapping : Mapped "{[/HydraDB/HydraRun/getById],methods=[GET],params=[id],produces=[application/json]}" onto public io.pivotal.gemfire.toolsmiths.hydradb.data.hydra.HydraRun io.pivotal.gemfire.toolsmiths.hydradb.HydraDBServiceEndpoint.getHydraRunById(java.lang.Integer)
2017-11-22 09:40:47.549  INFO 456 --- [    Test worker] s.w.s.m.m.a.RequestMappingHandlerMapping : Mapped "{[/HydraDB/HydraRun/create],methods=[GET],params=[userName && productVersion && buildId && svnRepository && svnRevision && javaVersion && javaVendor && javaHome && fullRegression && regressionType && comments && buildLocation],produces=[application/json]}" onto public io.pivotal.gemfire.toolsmiths.hydradb.data.hydra.HydraRun io.pivotal.gemfire.toolsmiths.hydradb.HydraDBServiceEndpoint.createHydraRun(java.lang.String,java.lang.String,java.lang.String,java.lang.String,java.lang.String,java.lang.String,java.lang.String,java.lang.String,java.lang.Boolean,java.lang.Integer,java.lang.String,java.lang.String)
2017-11-22 09:40:47.549  INFO 456 --- [    Test worker] s.w.s.m.m.a.RequestMappingHandlerMapping : Mapped "{[/HydraDB/HydraRun/getSet],methods=[GET],params=[list && gemfireVersion && jdk && jdkVendor && svnRevision && branch && buildUser],produces=[application/json]}" onto public java.util.Map<java.lang.Integer, io.pivotal.gemfire.toolsmiths.hydradb.data.hydra.HydraRun> io.pivotal.gemfire.toolsmiths.hydradb.HydraDBServiceEndpoint.getHydraRunSet(java.util.List<java.lang.Integer>,java.lang.String,java.lang.String,java.lang.String,int,java.lang.String,java.lang.String)
2017-11-22 09:40:47.549  INFO 456 --- [    Test worker] s.w.s.m.m.a.RequestMappingHandlerMapping : Mapped "{[/HydraDB/HydraTest/getById],methods=[GET],params=[hydraTestsuiteId],produces=[application/json]}" onto public io.pivotal.gemfire.toolsmiths.hydradb.data.hydra.HydraTest io.pivotal.gemfire.toolsmiths.hydradb.HydraDBServiceEndpoint.getHydraTestById(java.lang.Integer)
2017-11-22 09:40:47.550  INFO 456 --- [    Test worker] s.w.s.m.m.a.RequestMappingHandlerMapping : Mapped "{[/HydraDB/HydraTest/getId],methods=[GET],params=[fullTestSpec && hydraTestsuiteId],produces=[application/json]}" onto public java.lang.Integer io.pivotal.gemfire.toolsmiths.hydradb.HydraDBServiceEndpoint.getHydraTestId(java.lang.String,java.lang.Integer)
2017-11-22 09:40:47.550  INFO 456 --- [    Test worker] s.w.s.m.m.a.RequestMappingHandlerMapping : Mapped "{[/HydraDB/HydraTest/create],methods=[GET],params=[conf && fullTestSpec && hydraTestsuiteId],produces=[application/json]}" onto public java.lang.Integer io.pivotal.gemfire.toolsmiths.hydradb.HydraDBServiceEndpoint.createHydraTest(java.lang.String,java.lang.String,java.lang.Integer)
2017-11-22 09:40:47.550  INFO 456 --- [    Test worker] s.w.s.m.m.a.RequestMappingHandlerMapping : Mapped "{[/HydraDB/HydraTest/getByTestSpecAndTestsuiteId],methods=[GET],params=[conf && fullTestSpec && hydraTestsuiteId],produces=[application/json]}" onto public io.pivotal.gemfire.toolsmiths.hydradb.data.hydra.HydraTest io.pivotal.gemfire.toolsmiths.hydradb.HydraDBServiceEndpoint.getHydraTestByFullTestSpecAndHydraTestsuiteId(java.lang.String,java.lang.Integer)
2017-11-22 09:40:47.550  INFO 456 --- [    Test worker] s.w.s.m.m.a.RequestMappingHandlerMapping : Mapped "{[/HydraDB/HydraTestDetail/create],methods=[GET],params=[elapsedTime && diskStr && status && error && bugNumber && testId && testsuiteDetailId && runId && comment && tags],produces=[application/json]}" onto public io.pivotal.gemfire.toolsmiths.hydradb.data.hydra.HydraTestDetail io.pivotal.gemfire.toolsmiths.hydradb.HydraDBServiceEndpoint.createHydraTestDetail(java.lang.String,java.lang.String,java.lang.String,java.lang.String,java.lang.String,long,long,int,java.lang.String,java.lang.String)
2017-11-22 09:40:47.550  INFO 456 --- [    Test worker] s.w.s.m.m.a.RequestMappingHandlerMapping : Mapped "{[/HydraDB/HydraTestDetail/get],methods=[GET],params=[testId && testsuiteDetailId && runId],produces=[application/json]}" onto public io.pivotal.gemfire.toolsmiths.hydradb.data.hydra.HydraTestDetail io.pivotal.gemfire.toolsmiths.hydradb.HydraDBServiceEndpoint.getHydraTestDetail(long,long,int)
2017-11-22 09:40:47.551  INFO 456 --- [    Test worker] s.w.s.m.m.a.RequestMappingHandlerMapping : Mapped "{[/HydraDB/HydraTestsuite/getInfo],methods=[GET],params=[suiteId],produces=[application/json]}" onto public io.pivotal.gemfire.toolsmiths.hydradb.TestSuiteInfo io.pivotal.gemfire.toolsmiths.hydradb.HydraDBServiceEndpoint.getTestSuiteInfo(long)
2017-11-22 09:40:47.551  INFO 456 --- [    Test worker] s.w.s.m.m.a.RequestMappingHandlerMapping : Mapped "{[/HydraDB/HydraTestsuite/getInfoById],methods=[GET],params=[id],produces=[application/json]}" onto public io.pivotal.gemfire.toolsmiths.hydradb.IdAndName io.pivotal.gemfire.toolsmiths.hydradb.HydraDBServiceEndpoint.getHydraTestsuiteIdAndNameById(java.lang.Integer)
2017-11-22 09:40:47.551  INFO 456 --- [    Test worker] s.w.s.m.m.a.RequestMappingHandlerMapping : Mapped "{[/HydraDB/HydraTestsuite/getInfoByName],methods=[GET],params=[name],produces=[application/json]}" onto public io.pivotal.gemfire.toolsmiths.hydradb.IdAndName io.pivotal.gemfire.toolsmiths.hydradb.HydraDBServiceEndpoint.getHydraTestsuiteIdAndNameByName(java.lang.String)
2017-11-22 09:40:47.551  INFO 456 --- [    Test worker] s.w.s.m.m.a.RequestMappingHandlerMapping : Mapped "{[/HydraDB/HydraTestsuiteDetail/getById],methods=[GET],params=[hydraTestsuiteId],produces=[application/json]}" onto public io.pivotal.gemfire.toolsmiths.hydradb.data.hydra.HydraTestsuiteDetail io.pivotal.gemfire.toolsmiths.hydradb.HydraDBServiceEndpoint.getHydraTestsuiteDetailById(java.lang.Integer)
2017-11-22 09:40:47.551  INFO 456 --- [    Test worker] s.w.s.m.m.a.RequestMappingHandlerMapping : Mapped "{[/HydraDB/HydraTestsuiteDetail/get],methods=[GET],params=[hydraTestsuiteId && hydraRunId && hostId && date],produces=[application/json]}" onto public io.pivotal.gemfire.toolsmiths.hydradb.data.hydra.HydraTestsuiteDetail io.pivotal.gemfire.toolsmiths.hydradb.HydraDBServiceEndpoint.getHydraTestsuiteDetail(java.lang.Integer,java.lang.Integer,java.lang.Integer,java.util.Date)
2017-11-22 09:40:47.551  INFO 456 --- [    Test worker] s.w.s.m.m.a.RequestMappingHandlerMapping : Mapped "{[/HydraDB/HydraTestsuiteDetail/create],methods=[GET],params=[date && elapsedTime && diskUsage && localConf && hydraTestsuiteId && hydraRunId && hostId && comment && artifactLocation],produces=[application/json]}" onto public java.lang.Integer io.pivotal.gemfire.toolsmiths.hydradb.HydraDBServiceEndpoint.createHydraTestsuiteDetail(java.util.Date,java.lang.String,java.lang.String,java.lang.String,java.lang.Integer,java.lang.Integer,java.lang.Integer,java.lang.String,java.lang.String)
2017-11-22 09:40:47.552  INFO 456 --- [    Test worker] s.w.s.m.m.a.RequestMappingHandlerMapping : Mapped "{[/HydraDB/HydraTestsuiteDetail/create],methods=[GET],params=[id && hydraRunList],produces=[application/json]}" onto public io.pivotal.gemfire.toolsmiths.hydradb.HydraHistory io.pivotal.gemfire.toolsmiths.hydradb.HydraDBServiceEndpoint.getHydraHistoryForBatteryTest(int,java.util.Map<java.lang.Integer, io.pivotal.gemfire.toolsmiths.hydradb.data.hydra.HydraRun>)
2017-11-22 09:40:47.552  INFO 456 --- [    Test worker] s.w.s.m.m.a.RequestMappingHandlerMapping : Mapped "{[/HydraDB/sajtest],methods=[GET],produces=[application/json]}" onto private io.pivotal.gemfire.toolsmiths.hydradb.data.hydra.HydraRun io.pivotal.gemfire.toolsmiths.hydradb.HydraDBServiceEndpoint.doit(org.springframework.web.client.RestTemplate)
2017-11-22 09:40:47.553  INFO 456 --- [    Test worker] s.w.s.m.m.a.RequestMappingHandlerMapping : Mapped "{[/error]}" onto public org.springframework.http.ResponseEntity<java.util.Map<java.lang.String, java.lang.Object>> org.springframework.boot.autoconfigure.web.BasicErrorController.error(javax.servlet.http.HttpServletRequest)
2017-11-22 09:40:47.554  INFO 456 --- [    Test worker] s.w.s.m.m.a.RequestMappingHandlerMapping : Mapped "{[/error],produces=[text/html]}" onto public org.springframework.web.servlet.ModelAndView org.springframework.boot.autoconfigure.web.BasicErrorController.errorHtml(javax.servlet.http.HttpServletRequest,javax.servlet.http.HttpServletResponse)
2017-11-22 09:40:47.588  INFO 456 --- [    Test worker] s.w.s.m.m.a.RequestMappingHandlerAdapter : Looking for @ControllerAdvice: org.springframework.boot.context.embedded.AnnotationConfigEmbeddedWebApplicationContext@5ffaa749: startup date [Wed Nov 22 09:40:46 PST 2017]; root of context hierarchy
2017-11-22 09:40:47.703  INFO 456 --- [    Test worker] s.b.c.e.t.TomcatEmbeddedServletContainer : Tomcat started on port(s): 53934 (http)
2017-11-22 09:40:47.705  INFO 456 --- [    Test worker] i.p.gemfire.toolsmiths.hydradb.HostTest  : Started HostTest in 0.946 seconds (JVM running for 8.302)
2017-11-22 09:40:47.722  INFO 456 --- [o-auto-3-exec-1] o.a.c.c.C.[Tomcat].[localhost].[/]       : Initializing Spring FrameworkServlet 'dispatcherServlet'
2017-11-22 09:40:47.723  INFO 456 --- [o-auto-3-exec-1] o.s.web.servlet.DispatcherServlet        : FrameworkServlet 'dispatcherServlet': initialization started
2017-11-22 09:40:47.731  INFO 456 --- [o-auto-3-exec-1] o.s.web.servlet.DispatcherServlet        : FrameworkServlet 'dispatcherServlet': initialization completed in 8 ms
Hibernate: INSERT INTO Host(name, os_Type, os_Info) VALUES(?, ?, ?)
Hibernate: select host0_.id as id1_0_, host0_.name as name2_0_, host0_.os_info as os_info3_0_, host0_.os_type as os_type4_0_ from host host0_ where host0_.name=?
Hibernate: select host0_.id as id1_0_, host0_.name as name2_0_, host0_.os_info as os_info3_0_, host0_.os_type as os_type4_0_ from host host0_ where host0_.id=?
2017-11-22 09:40:47.816  WARN 456 --- [    Test worker] o.dbunit.dataset.AbstractTableMetaData   : Potential problem found: The configured data type factory 'class org.dbunit.dataset.datatype.DefaultDataTypeFactory' might cause problems with the current database 'HSQL Database Engine' (e.g. some datatypes may not be supported properly). In rare cases you might see this message because the list of supported database products is incomplete (list=[derby]). If so please request a java-class update via the forums.If you are using your own IDataTypeFactory extending DefaultDataTypeFactory, ensure that you override getValidDbProducts() to specify the supported database products.
2017-11-22 09:40:47.829  WARN 456 --- [    Test worker] o.dbunit.dataset.AbstractTableMetaData   : Potential problem found: The configured data type factory 'class org.dbunit.dataset.datatype.DefaultDataTypeFactory' might cause problems with the current database 'HSQL Database Engine' (e.g. some datatypes may not be supported properly). In rare cases you might see this message because the list of supported database products is incomplete (list=[derby]). If so please request a java-class update via the forums.If you are using your own IDataTypeFactory extending DefaultDataTypeFactory, ensure that you override getValidDbProducts() to specify the supported database products.
2017-11-22 09:40:47.840  INFO 456 --- [    Test worker] ationConfigEmbeddedWebApplicationContext : Closing org.springframework.boot.context.embedded.AnnotationConfigEmbeddedWebApplicationContext@5ffaa749: startup date [Wed Nov 22 09:40:46 PST 2017]; root of context hierarchy
2017-11-22 09:40:47.842  INFO 456 --- [    Test worker] j.LocalContainerEntityManagerFactoryBean : Closing JPA EntityManagerFactory for persistence unit 'default'
2017-11-22 09:40:47.842  INFO 456 --- [    Test worker] org.hibernate.tool.hbm2ddl.SchemaExport  : HHH000227: Running hbm2ddl schema export
Hibernate: drop table host if exists
Hibernate: drop table hydra_run if exists
Hibernate: drop table hydra_test if exists
Hibernate: drop table hydra_test_detail if exists
Hibernate: drop table hydra_testsuite if exists
Hibernate: drop table hydra_testsuite_detail if exists
2017-11-22 09:40:47.844  INFO 456 --- [    Test worker] org.hibernate.tool.hbm2ddl.SchemaExport  : HHH000230: Schema export complete
]]></system-out>
  <system-err><![CDATA[]]></system-err>
</testsuite>
